This file contains any messages produced by compilers while
running configure, to aid debugging if configure makes a mistake.

It was created by GNOME LINUX Kernel Monitor configure glkm_major_version.glkm_minor_version.glkm_micro_version, which was
generated by GNU Autoconf 2.69.  Invocation command line was

  $ ./configure --enable-debug-mode --no-create --no-recursion

## --------- ##
## Platform. ##
## --------- ##

hostname = blackkiwi
uname -m = x86_64
uname -r = 3.14-2-amd64
uname -s = Linux
uname -v = #1 SMP Debian 3.14.15-2 (2014-08-09)

/usr/bin/uname -p = unknown
/bin/uname -X     = unknown

/bin/arch              = unknown
/usr/bin/arch -k       = unknown
/usr/convex/getsysinfo = unknown
/usr/bin/hostinfo      = unknown
/bin/machine           = unknown
/usr/bin/oslevel       = unknown
/bin/universe          = unknown

PATH: /home/enrgar/perl5/bin
PATH: /home/enrgar/bin
PATH: /usr/local/bin
PATH: /usr/bin
PATH: /bin
PATH: /usr/local/games
PATH: /usr/games


## ----------- ##
## Core tests. ##
## ----------- ##

configure:2628: checking whether make supports nested variables
configure:2645: result: yes
configure:2720: checking for a BSD-compatible install
configure:2788: result: /usr/bin/install -c
configure:2799: checking whether build environment is sane
configure:2854: result: yes
configure:3005: checking for a thread-safe mkdir -p
configure:3044: result: /bin/mkdir -p
configure:3051: checking for gawk
configure:3067: found /usr/bin/gawk
configure:3078: result: gawk
configure:3089: checking whether make sets $(MAKE)
configure:3111: result: yes
configure:3259: checking for style of include used by make
configure:3287: result: GNU
configure:3358: checking for gcc
configure:3374: found /usr/bin/gcc
configure:3385: result: gcc
configure:3614: checking for C compiler version
configure:3623: gcc --version >&5
gcc (Debian 4.9.1-4) 4.9.1
Copyright (C) 2014 Free Software Foundation, Inc.
This is free software; see the source for copying conditions.  There is NO
warranty; not even for MERCHANTABILITY or FITNESS FOR A PARTICULAR PURPOSE.

configure:3634: $? = 0
configure:3623: gcc -v >&5
Using built-in specs.
COLLECT_GCC=gcc
COLLECT_LTO_WRAPPER=/usr/lib/gcc/x86_64-linux-gnu/4.9/lto-wrapper
Target: x86_64-linux-gnu
Configured with: ../src/configure -v --with-pkgversion='Debian 4.9.1-4' --with-bugurl=file:///usr/share/doc/gcc-4.9/README.Bugs --enable-languages=c,c++,java,go,d,fortran,objc,obj-c++ --prefix=/usr --program-suffix=-4.9 --enable-shared --enable-linker-build-id --libexecdir=/usr/lib --without-included-gettext --enable-threads=posix --with-gxx-include-dir=/usr/include/c++/4.9 --libdir=/usr/lib --enable-nls --with-sysroot=/ --enable-clocale=gnu --enable-libstdcxx-debug --enable-libstdcxx-time=yes --enable-gnu-unique-object --disable-vtable-verify --enable-plugin --with-system-zlib --disable-browser-plugin --enable-java-awt=gtk --enable-gtk-cairo --with-java-home=/usr/lib/jvm/java-1.5.0-gcj-4.9-amd64/jre --enable-java-home --with-jvm-root-dir=/usr/lib/jvm/java-1.5.0-gcj-4.9-amd64 --with-jvm-jar-dir=/usr/lib/jvm-exports/java-1.5.0-gcj-4.9-amd64 --with-arch-directory=amd64 --with-ecj-jar=/usr/share/java/eclipse-ecj.jar --enable-objc-gc --enable-multiarch --with-arch-32=i586 --with-abi=m64 --with-multilib-list=m32,m64,mx32 --enable-multilib --with-tune=generic --enable-checking=release --build=x86_64-linux-gnu --host=x86_64-linux-gnu --target=x86_64-linux-gnu
Thread model: posix
gcc version 4.9.1 (Debian 4.9.1-4) 
configure:3634: $? = 0
configure:3623: gcc -V >&5
gcc: error: unrecognized command line option '-V'
gcc: fatal error: no input files
compilation terminated.
configure:3634: $? = 4
configure:3623: gcc -qversion >&5
gcc: error: unrecognized command line option '-qversion'
gcc: fatal error: no input files
compilation terminated.
configure:3634: $? = 4
configure:3654: checking whether the C compiler works
configure:3676: gcc    conftest.c  >&5
configure:3680: $? = 0
configure:3728: result: yes
configure:3731: checking for C compiler default output file name
configure:3733: result: a.out
configure:3739: checking for suffix of executables
configure:3746: gcc -o conftest    conftest.c  >&5
configure:3750: $? = 0
configure:3772: result: 
configure:3794: checking whether we are cross compiling
configure:3802: gcc -o conftest    conftest.c  >&5
configure:3806: $? = 0
configure:3813: ./conftest
configure:3817: $? = 0
configure:3832: result: no
configure:3837: checking for suffix of object files
configure:3859: gcc -c   conftest.c >&5
configure:3863: $? = 0
configure:3884: result: o
configure:3888: checking whether we are using the GNU C compiler
configure:3907: gcc -c   conftest.c >&5
configure:3907: $? = 0
configure:3916: result: yes
configure:3925: checking whether gcc accepts -g
configure:3945: gcc -c -g  conftest.c >&5
configure:3945: $? = 0
configure:3986: result: yes
configure:4003: checking for gcc option to accept ISO C89
configure:4066: gcc  -c -g -O2  conftest.c >&5
configure:4066: $? = 0
configure:4079: result: none needed
configure:4104: checking whether gcc understands -c and -o together
configure:4126: gcc -c conftest.c -o conftest2.o
configure:4129: $? = 0
configure:4126: gcc -c conftest.c -o conftest2.o
configure:4129: $? = 0
configure:4141: result: yes
configure:4160: checking dependency style of gcc
configure:4271: result: gcc3
configure:4291: checking how to run the C preprocessor
configure:4322: gcc -E  conftest.c
configure:4322: $? = 0
configure:4336: gcc -E  conftest.c
conftest.c:11:28: fatal error: ac_nonexistent.h: No such file or directory
 #include <ac_nonexistent.h>
                            ^
compilation terminated.
configure:4336: $? = 1
configure: failed program was:
| /* confdefs.h */
| #define PACKAGE_NAME "GNOME LINUX Kernel Monitor"
| #define PACKAGE_TARNAME "glkm"
| #define PACKAGE_VERSION "glkm_major_version.glkm_minor_version.glkm_micro_version"
| #define PACKAGE_STRING "GNOME LINUX Kernel Monitor glkm_major_version.glkm_minor_version.glkm_micro_version"
| #define PACKAGE_BUGREPORT "http://eldemonionegro.com/glkm/newticket"
| #define PACKAGE_URL ""
| #define PACKAGE "glkm"
| #define VERSION "glkm_major_version.glkm_minor_version.glkm_micro_version"
| /* end confdefs.h.  */
| #include <ac_nonexistent.h>
configure:4361: result: gcc -E
configure:4381: gcc -E  conftest.c
configure:4381: $? = 0
configure:4395: gcc -E  conftest.c
conftest.c:11:28: fatal error: ac_nonexistent.h: No such file or directory
 #include <ac_nonexistent.h>
                            ^
compilation terminated.
configure:4395: $? = 1
configure: failed program was:
| /* confdefs.h */
| #define PACKAGE_NAME "GNOME LINUX Kernel Monitor"
| #define PACKAGE_TARNAME "glkm"
| #define PACKAGE_VERSION "glkm_major_version.glkm_minor_version.glkm_micro_version"
| #define PACKAGE_STRING "GNOME LINUX Kernel Monitor glkm_major_version.glkm_minor_version.glkm_micro_version"
| #define PACKAGE_BUGREPORT "http://eldemonionegro.com/glkm/newticket"
| #define PACKAGE_URL ""
| #define PACKAGE "glkm"
| #define VERSION "glkm_major_version.glkm_minor_version.glkm_micro_version"
| /* end confdefs.h.  */
| #include <ac_nonexistent.h>
configure:4471: checking for gcc
configure:4498: result: gcc
configure:4727: checking for C compiler version
configure:4736: gcc --version >&5
gcc (Debian 4.9.1-4) 4.9.1
Copyright (C) 2014 Free Software Foundation, Inc.
This is free software; see the source for copying conditions.  There is NO
warranty; not even for MERCHANTABILITY or FITNESS FOR A PARTICULAR PURPOSE.

configure:4747: $? = 0
configure:4736: gcc -v >&5
Using built-in specs.
COLLECT_GCC=gcc
COLLECT_LTO_WRAPPER=/usr/lib/gcc/x86_64-linux-gnu/4.9/lto-wrapper
Target: x86_64-linux-gnu
Configured with: ../src/configure -v --with-pkgversion='Debian 4.9.1-4' --with-bugurl=file:///usr/share/doc/gcc-4.9/README.Bugs --enable-languages=c,c++,java,go,d,fortran,objc,obj-c++ --prefix=/usr --program-suffix=-4.9 --enable-shared --enable-linker-build-id --libexecdir=/usr/lib --without-included-gettext --enable-threads=posix --with-gxx-include-dir=/usr/include/c++/4.9 --libdir=/usr/lib --enable-nls --with-sysroot=/ --enable-clocale=gnu --enable-libstdcxx-debug --enable-libstdcxx-time=yes --enable-gnu-unique-object --disable-vtable-verify --enable-plugin --with-system-zlib --disable-browser-plugin --enable-java-awt=gtk --enable-gtk-cairo --with-java-home=/usr/lib/jvm/java-1.5.0-gcj-4.9-amd64/jre --enable-java-home --with-jvm-root-dir=/usr/lib/jvm/java-1.5.0-gcj-4.9-amd64 --with-jvm-jar-dir=/usr/lib/jvm-exports/java-1.5.0-gcj-4.9-amd64 --with-arch-directory=amd64 --with-ecj-jar=/usr/share/java/eclipse-ecj.jar --enable-objc-gc --enable-multiarch --with-arch-32=i586 --with-abi=m64 --with-multilib-list=m32,m64,mx32 --enable-multilib --with-tune=generic --enable-checking=release --build=x86_64-linux-gnu --host=x86_64-linux-gnu --target=x86_64-linux-gnu
Thread model: posix
gcc version 4.9.1 (Debian 4.9.1-4) 
configure:4747: $? = 0
configure:4736: gcc -V >&5
gcc: error: unrecognized command line option '-V'
gcc: fatal error: no input files
compilation terminated.
configure:4747: $? = 4
configure:4736: gcc -qversion >&5
gcc: error: unrecognized command line option '-qversion'
gcc: fatal error: no input files
compilation terminated.
configure:4747: $? = 4
configure:4751: checking whether we are using the GNU C compiler
configure:4779: result: yes
configure:4788: checking whether gcc accepts -g
configure:4849: result: yes
configure:4866: checking for gcc option to accept ISO C89
configure:4942: result: none needed
configure:4967: checking whether gcc understands -c and -o together
configure:5004: result: yes
configure:5023: checking dependency style of gcc
configure:5134: result: gcc3
configure:5156: checking for gcc option to accept ISO C99
configure:5305: gcc  -c   conftest.c >&5
conftest.c:61:29: error: expected ';', ',' or ')' before 'text'
 test_restrict (ccp restrict text)
                             ^
conftest.c: In function 'main':
conftest.c:115:18: error: expected '=', ',', ';', 'asm' or '__attribute__' before 'newvar'
   char *restrict newvar = "Another string";
                  ^
conftest.c:115:18: error: 'newvar' undeclared (first use in this function)
conftest.c:115:18: note: each undeclared identifier is reported only once for each function it appears in
conftest.c:125:3: error: 'for' loop initial declarations are only allowed in C99 or C11 mode
   for (int i = 0; i < ia->datasize; ++i)
   ^
conftest.c:125:3: note: use option -std=c99, -std=gnu99, -std=c11 or -std=gnu11 to compile your code
configure:5305: $? = 1
configure: failed program was:
| /* confdefs.h */
| #define PACKAGE_NAME "GNOME LINUX Kernel Monitor"
| #define PACKAGE_TARNAME "glkm"
| #define PACKAGE_VERSION "glkm_major_version.glkm_minor_version.glkm_micro_version"
| #define PACKAGE_STRING "GNOME LINUX Kernel Monitor glkm_major_version.glkm_minor_version.glkm_micro_version"
| #define PACKAGE_BUGREPORT "http://eldemonionegro.com/glkm/newticket"
| #define PACKAGE_URL ""
| #define PACKAGE "glkm"
| #define VERSION "glkm_major_version.glkm_minor_version.glkm_micro_version"
| /* end confdefs.h.  */
| #include <stdarg.h>
| #include <stdbool.h>
| #include <stdlib.h>
| #include <wchar.h>
| #include <stdio.h>
| 
| // Check varargs macros.  These examples are taken from C99 6.10.3.5.
| #define debug(...) fprintf (stderr, __VA_ARGS__)
| #define showlist(...) puts (#__VA_ARGS__)
| #define report(test,...) ((test) ? puts (#test) : printf (__VA_ARGS__))
| static void
| test_varargs_macros (void)
| {
|   int x = 1234;
|   int y = 5678;
|   debug ("Flag");
|   debug ("X = %d\n", x);
|   showlist (The first, second, and third items.);
|   report (x>y, "x is %d but y is %d", x, y);
| }
| 
| // Check long long types.
| #define BIG64 18446744073709551615ull
| #define BIG32 4294967295ul
| #define BIG_OK (BIG64 / BIG32 == 4294967297ull && BIG64 % BIG32 == 0)
| #if !BIG_OK
|   your preprocessor is broken;
| #endif
| #if BIG_OK
| #else
|   your preprocessor is broken;
| #endif
| static long long int bignum = -9223372036854775807LL;
| static unsigned long long int ubignum = BIG64;
| 
| struct incomplete_array
| {
|   int datasize;
|   double data[];
| };
| 
| struct named_init {
|   int number;
|   const wchar_t *name;
|   double average;
| };
| 
| typedef const char *ccp;
| 
| static inline int
| test_restrict (ccp restrict text)
| {
|   // See if C++-style comments work.
|   // Iterate through items via the restricted pointer.
|   // Also check for declarations in for loops.
|   for (unsigned int i = 0; *(text+i) != '\0'; ++i)
|     continue;
|   return 0;
| }
| 
| // Check varargs and va_copy.
| static void
| test_varargs (const char *format, ...)
| {
|   va_list args;
|   va_start (args, format);
|   va_list args_copy;
|   va_copy (args_copy, args);
| 
|   const char *str;
|   int number;
|   float fnumber;
| 
|   while (*format)
|     {
|       switch (*format++)
| 	{
| 	case 's': // string
| 	  str = va_arg (args_copy, const char *);
| 	  break;
| 	case 'd': // int
| 	  number = va_arg (args_copy, int);
| 	  break;
| 	case 'f': // float
| 	  fnumber = va_arg (args_copy, double);
| 	  break;
| 	default:
| 	  break;
| 	}
|     }
|   va_end (args_copy);
|   va_end (args);
| }
| 
| int
| main ()
| {
| 
|   // Check bool.
|   _Bool success = false;
| 
|   // Check restrict.
|   if (test_restrict ("String literal") == 0)
|     success = true;
|   char *restrict newvar = "Another string";
| 
|   // Check varargs.
|   test_varargs ("s, d' f .", "string", 65, 34.234);
|   test_varargs_macros ();
| 
|   // Check flexible array members.
|   struct incomplete_array *ia =
|     malloc (sizeof (struct incomplete_array) + (sizeof (double) * 10));
|   ia->datasize = 10;
|   for (int i = 0; i < ia->datasize; ++i)
|     ia->data[i] = i * 1.234;
| 
|   // Check named initializers.
|   struct named_init ni = {
|     .number = 34,
|     .name = L"Test wide string",
|     .average = 543.34343,
|   };
| 
|   ni.number = 58;
| 
|   int dynamic_array[ni.number];
|   dynamic_array[ni.number - 1] = 543;
| 
|   // work around unused variable warnings
|   return (!success || bignum == 0LL || ubignum == 0uLL || newvar[0] == 'x'
| 	  || dynamic_array[ni.number - 1] != 543);
| 
|   ;
|   return 0;
| }
configure:5305: gcc -std=gnu99 -c   conftest.c >&5
configure:5305: $? = 0
configure:5325: result: -std=gnu99
configure:5426: checking for gcc -std=gnu99 option to accept ISO Standard C
configure:5440: result: -std=gnu99
configure:5513: checking for g++
configure:5529: found /usr/bin/g++
configure:5540: result: g++
configure:5567: checking for C++ compiler version
configure:5576: g++ --version >&5
g++ (Debian 4.9.1-4) 4.9.1
Copyright (C) 2014 Free Software Foundation, Inc.
This is free software; see the source for copying conditions.  There is NO
warranty; not even for MERCHANTABILITY or FITNESS FOR A PARTICULAR PURPOSE.

configure:5587: $? = 0
configure:5576: g++ -v >&5
Using built-in specs.
COLLECT_GCC=g++
COLLECT_LTO_WRAPPER=/usr/lib/gcc/x86_64-linux-gnu/4.9/lto-wrapper
Target: x86_64-linux-gnu
Configured with: ../src/configure -v --with-pkgversion='Debian 4.9.1-4' --with-bugurl=file:///usr/share/doc/gcc-4.9/README.Bugs --enable-languages=c,c++,java,go,d,fortran,objc,obj-c++ --prefix=/usr --program-suffix=-4.9 --enable-shared --enable-linker-build-id --libexecdir=/usr/lib --without-included-gettext --enable-threads=posix --with-gxx-include-dir=/usr/include/c++/4.9 --libdir=/usr/lib --enable-nls --with-sysroot=/ --enable-clocale=gnu --enable-libstdcxx-debug --enable-libstdcxx-time=yes --enable-gnu-unique-object --disable-vtable-verify --enable-plugin --with-system-zlib --disable-browser-plugin --enable-java-awt=gtk --enable-gtk-cairo --with-java-home=/usr/lib/jvm/java-1.5.0-gcj-4.9-amd64/jre --enable-java-home --with-jvm-root-dir=/usr/lib/jvm/java-1.5.0-gcj-4.9-amd64 --with-jvm-jar-dir=/usr/lib/jvm-exports/java-1.5.0-gcj-4.9-amd64 --with-arch-directory=amd64 --with-ecj-jar=/usr/share/java/eclipse-ecj.jar --enable-objc-gc --enable-multiarch --with-arch-32=i586 --with-abi=m64 --with-multilib-list=m32,m64,mx32 --enable-multilib --with-tune=generic --enable-checking=release --build=x86_64-linux-gnu --host=x86_64-linux-gnu --target=x86_64-linux-gnu
Thread model: posix
gcc version 4.9.1 (Debian 4.9.1-4) 
configure:5587: $? = 0
configure:5576: g++ -V >&5
g++: error: unrecognized command line option '-V'
g++: fatal error: no input files
compilation terminated.
configure:5587: $? = 4
configure:5576: g++ -qversion >&5
g++: error: unrecognized command line option '-qversion'
g++: fatal error: no input files
compilation terminated.
configure:5587: $? = 4
configure:5591: checking whether we are using the GNU C++ compiler
configure:5610: g++ -c   conftest.cpp >&5
configure:5610: $? = 0
configure:5619: result: yes
configure:5628: checking whether g++ accepts -g
configure:5648: g++ -c -g  conftest.cpp >&5
configure:5648: $? = 0
configure:5689: result: yes
configure:5714: checking dependency style of g++
configure:5825: result: gcc3
configure:5845: checking how to run the C++ preprocessor
configure:5872: g++ -E  conftest.cpp
configure:5872: $? = 0
configure:5886: g++ -E  conftest.cpp
conftest.cpp:11:28: fatal error: ac_nonexistent.h: No such file or directory
 #include <ac_nonexistent.h>
                            ^
compilation terminated.
configure:5886: $? = 1
configure: failed program was:
| /* confdefs.h */
| #define PACKAGE_NAME "GNOME LINUX Kernel Monitor"
| #define PACKAGE_TARNAME "glkm"
| #define PACKAGE_VERSION "glkm_major_version.glkm_minor_version.glkm_micro_version"
| #define PACKAGE_STRING "GNOME LINUX Kernel Monitor glkm_major_version.glkm_minor_version.glkm_micro_version"
| #define PACKAGE_BUGREPORT "http://eldemonionegro.com/glkm/newticket"
| #define PACKAGE_URL ""
| #define PACKAGE "glkm"
| #define VERSION "glkm_major_version.glkm_minor_version.glkm_micro_version"
| /* end confdefs.h.  */
| #include <ac_nonexistent.h>
configure:5911: result: g++ -E
configure:5931: g++ -E  conftest.cpp
configure:5931: $? = 0
configure:5945: g++ -E  conftest.cpp
conftest.cpp:11:28: fatal error: ac_nonexistent.h: No such file or directory
 #include <ac_nonexistent.h>
                            ^
compilation terminated.
configure:5945: $? = 1
configure: failed program was:
| /* confdefs.h */
| #define PACKAGE_NAME "GNOME LINUX Kernel Monitor"
| #define PACKAGE_TARNAME "glkm"
| #define PACKAGE_VERSION "glkm_major_version.glkm_minor_version.glkm_micro_version"
| #define PACKAGE_STRING "GNOME LINUX Kernel Monitor glkm_major_version.glkm_minor_version.glkm_micro_version"
| #define PACKAGE_BUGREPORT "http://eldemonionegro.com/glkm/newticket"
| #define PACKAGE_URL ""
| #define PACKAGE "glkm"
| #define VERSION "glkm_major_version.glkm_minor_version.glkm_micro_version"
| /* end confdefs.h.  */
| #include <ac_nonexistent.h>
configure:6085: checking for C++ compiler version
configure:6094: g++ --version >&5
g++ (Debian 4.9.1-4) 4.9.1
Copyright (C) 2014 Free Software Foundation, Inc.
This is free software; see the source for copying conditions.  There is NO
warranty; not even for MERCHANTABILITY or FITNESS FOR A PARTICULAR PURPOSE.

configure:6105: $? = 0
configure:6094: g++ -v >&5
Using built-in specs.
COLLECT_GCC=g++
COLLECT_LTO_WRAPPER=/usr/lib/gcc/x86_64-linux-gnu/4.9/lto-wrapper
Target: x86_64-linux-gnu
Configured with: ../src/configure -v --with-pkgversion='Debian 4.9.1-4' --with-bugurl=file:///usr/share/doc/gcc-4.9/README.Bugs --enable-languages=c,c++,java,go,d,fortran,objc,obj-c++ --prefix=/usr --program-suffix=-4.9 --enable-shared --enable-linker-build-id --libexecdir=/usr/lib --without-included-gettext --enable-threads=posix --with-gxx-include-dir=/usr/include/c++/4.9 --libdir=/usr/lib --enable-nls --with-sysroot=/ --enable-clocale=gnu --enable-libstdcxx-debug --enable-libstdcxx-time=yes --enable-gnu-unique-object --disable-vtable-verify --enable-plugin --with-system-zlib --disable-browser-plugin --enable-java-awt=gtk --enable-gtk-cairo --with-java-home=/usr/lib/jvm/java-1.5.0-gcj-4.9-amd64/jre --enable-java-home --with-jvm-root-dir=/usr/lib/jvm/java-1.5.0-gcj-4.9-amd64 --with-jvm-jar-dir=/usr/lib/jvm-exports/java-1.5.0-gcj-4.9-amd64 --with-arch-directory=amd64 --with-ecj-jar=/usr/share/java/eclipse-ecj.jar --enable-objc-gc --enable-multiarch --with-arch-32=i586 --with-abi=m64 --with-multilib-list=m32,m64,mx32 --enable-multilib --with-tune=generic --enable-checking=release --build=x86_64-linux-gnu --host=x86_64-linux-gnu --target=x86_64-linux-gnu
Thread model: posix
gcc version 4.9.1 (Debian 4.9.1-4) 
configure:6105: $? = 0
configure:6094: g++ -V >&5
g++: error: unrecognized command line option '-V'
g++: fatal error: no input files
compilation terminated.
configure:6105: $? = 4
configure:6094: g++ -qversion >&5
g++: error: unrecognized command line option '-qversion'
g++: fatal error: no input files
compilation terminated.
configure:6105: $? = 4
configure:6109: checking whether we are using the GNU C++ compiler
configure:6137: result: yes
configure:6146: checking whether g++ accepts -g
configure:6207: result: yes
configure:6232: checking dependency style of g++
configure:6343: result: gcc3
configure:6370: checking for pkg-config
configure:6388: found /usr/bin/pkg-config
configure:6401: result: /usr/bin/pkg-config
configure:6429: checking whether NLS is requested
configure:6438: result: yes
configure:6457: checking for intltool >= 0.40.0
configure:6459: result: 0.50.2 found
configure:6467: checking for intltool-update
configure:6485: found /usr/bin/intltool-update
configure:6497: result: /usr/bin/intltool-update
configure:6507: checking for intltool-merge
configure:6525: found /usr/bin/intltool-merge
configure:6537: result: /usr/bin/intltool-merge
configure:6547: checking for intltool-extract
configure:6565: found /usr/bin/intltool-extract
configure:6577: result: /usr/bin/intltool-extract
configure:6731: checking for xgettext
configure:6749: found /usr/bin/xgettext
configure:6761: result: /usr/bin/xgettext
configure:6771: checking for msgmerge
configure:6789: found /usr/bin/msgmerge
configure:6801: result: /usr/bin/msgmerge
configure:6811: checking for msgfmt
configure:6829: found /usr/bin/msgfmt
configure:6841: result: /usr/bin/msgfmt
configure:6851: checking for gmsgfmt
configure:6882: result: /usr/bin/msgfmt
configure:6902: checking for perl
configure:6920: found /usr/bin/perl
configure:6932: result: /usr/bin/perl
configure:6943: checking for perl >= 5.8.1
configure:6950: result: 5.18.2
configure:6954: checking for XML::Parser
configure:6957: result: ok
configure:6982: g++ -o conftest    conftest.cpp  >&5
configure:6982: $? = 0
configure:7008: checking for a sed that does not truncate output
configure:7072: result: /bin/sed
configure:7113: checking for msgfmt
configure:7145: result: /usr/bin/msgfmt
configure:7154: checking for gmsgfmt
configure:7185: result: /usr/bin/msgfmt
configure:7235: checking for xgettext
configure:7267: result: /usr/bin/xgettext
configure:7312: checking for msgmerge
configure:7343: result: /usr/bin/msgmerge
configure:7369: checking for grep that handles long lines and -e
configure:7427: result: /bin/grep
configure:7432: checking for egrep
configure:7494: result: /bin/grep -E
configure:7499: checking for ANSI C header files
configure:7519: g++ -c   conftest.cpp >&5
configure:7519: $? = 0
configure:7592: g++ -o conftest    conftest.cpp  >&5
configure:7592: $? = 0
configure:7592: ./conftest
configure:7592: $? = 0
configure:7603: result: yes
configure:7616: checking for sys/types.h
configure:7616: g++ -c   conftest.cpp >&5
configure:7616: $? = 0
configure:7616: result: yes
configure:7616: checking for sys/stat.h
configure:7616: g++ -c   conftest.cpp >&5
configure:7616: $? = 0
configure:7616: result: yes
configure:7616: checking for stdlib.h
configure:7616: g++ -c   conftest.cpp >&5
configure:7616: $? = 0
configure:7616: result: yes
configure:7616: checking for string.h
configure:7616: g++ -c   conftest.cpp >&5
configure:7616: $? = 0
configure:7616: result: yes
configure:7616: checking for memory.h
configure:7616: g++ -c   conftest.cpp >&5
configure:7616: $? = 0
configure:7616: result: yes
configure:7616: checking for strings.h
configure:7616: g++ -c   conftest.cpp >&5
configure:7616: $? = 0
configure:7616: result: yes
configure:7616: checking for inttypes.h
configure:7616: g++ -c   conftest.cpp >&5
configure:7616: $? = 0
configure:7616: result: yes
configure:7616: checking for stdint.h
configure:7616: g++ -c   conftest.cpp >&5
configure:7616: $? = 0
configure:7616: result: yes
configure:7616: checking for unistd.h
configure:7616: g++ -c   conftest.cpp >&5
configure:7616: $? = 0
configure:7616: result: yes
configure:7631: checking locale.h usability
configure:7631: g++ -c   conftest.cpp >&5
configure:7631: $? = 0
configure:7631: result: yes
configure:7631: checking locale.h presence
configure:7631: g++ -E  conftest.cpp
configure:7631: $? = 0
configure:7631: result: yes
configure:7631: checking for locale.h
configure:7631: result: yes
configure:7642: checking for LC_MESSAGES
configure:7658: g++ -o conftest    conftest.cpp  >&5
configure:7658: $? = 0
configure:7666: result: yes
configure:7683: checking libintl.h usability
configure:7683: g++ -c   conftest.cpp >&5
configure:7683: $? = 0
configure:7683: result: yes
configure:7683: checking libintl.h presence
configure:7683: g++ -E  conftest.cpp
configure:7683: $? = 0
configure:7683: result: yes
configure:7683: checking for libintl.h
configure:7683: result: yes
configure:7691: checking for ngettext in libc
configure:7709: g++ -o conftest    conftest.cpp  >&5
configure:7709: $? = 0
configure:7718: result: yes
configure:7722: checking for dgettext in libc
configure:7740: g++ -o conftest    conftest.cpp  >&5
configure:7740: $? = 0
configure:7749: result: yes
configure:7756: checking for bind_textdomain_codeset
configure:7756: g++ -o conftest    conftest.cpp  >&5
configure:7756: $? = 0
configure:7756: result: yes
configure:8032: checking for msgfmt
configure:8059: result: /usr/bin/msgfmt
configure:8070: checking for dcgettext
configure:8070: g++ -o conftest    conftest.cpp   >&5
configure:8070: $? = 0
configure:8070: result: yes
configure:8080: checking if msgfmt accepts -c
configure:8095: $MSGFMT -c -o /dev/null conftest.foo
conftest.foo:3: warning: header field 'Language' missing in header
configure:8098: $? = 0
configure:8100: result: yes
configure:8110: checking for gmsgfmt
configure:8141: result: /usr/bin/msgfmt
configure:8151: checking for xgettext
configure:8178: result: /usr/bin/xgettext
configure:8197: g++ -o conftest    conftest.cpp   >&5
configure:8197: $? = 0
configure:8400: checking for pkg-config
configure:8418: found /usr/bin/pkg-config
configure:8430: result: /usr/bin/pkg-config
configure:8455: checking pkg-config is at least version 0.9.0
configure:8458: result: yes
configure:8468: checking for GLKM
configure:8475: $PKG_CONFIG --exists --print-errors "gtkmm-3.0 >= $GTKMM_REQUIRED"
configure:8478: $? = 0
configure:8492: $PKG_CONFIG --exists --print-errors "gtkmm-3.0 >= $GTKMM_REQUIRED"
configure:8495: $? = 0
configure:8553: result: yes
configure:8564: checking for GIOMM
configure:8571: $PKG_CONFIG --exists --print-errors "giomm-2.4 >= $GIOMM_REQUIRED"
configure:8574: $? = 0
configure:8588: $PKG_CONFIG --exists --print-errors "giomm-2.4 >= $GIOMM_REQUIRED"
configure:8591: $? = 0
configure:8649: result: yes
configure:8659: checking for LIBSIGCMM
configure:8666: $PKG_CONFIG --exists --print-errors "sigc++-2.0 >= $LIBSIGCMM_REQUIRED"
configure:8669: $? = 0
configure:8683: $PKG_CONFIG --exists --print-errors "sigc++-2.0 >= $LIBSIGCMM_REQUIRED"
configure:8686: $? = 0
configure:8744: result: yes
configure:8760: checking whether to compile with support for GNOME libraries
configure:8862: result: no
configure:8874: checking whether to compile with support for DBUS libraries
configure:8977: result: no
configure:8994: checking for ANSI C header files
configure:9098: result: yes
configure:9106: checking for stdbool.h that conforms to C99
configure:9173: g++ -c   conftest.cpp >&5
configure:9173: $? = 0
configure:9180: result: yes
configure:9182: checking for _Bool
configure:9182: g++ -c   conftest.cpp >&5
conftest.cpp: In function 'int main()':
conftest.cpp:65:13: error: '_Bool' was not declared in this scope
 if (sizeof (_Bool))
             ^
configure:9182: $? = 1
configure: failed program was:
| /* confdefs.h */
| #define PACKAGE_NAME "GNOME LINUX Kernel Monitor"
| #define PACKAGE_TARNAME "glkm"
| #define PACKAGE_VERSION "glkm_major_version.glkm_minor_version.glkm_micro_version"
| #define PACKAGE_STRING "GNOME LINUX Kernel Monitor glkm_major_version.glkm_minor_version.glkm_micro_version"
| #define PACKAGE_BUGREPORT "http://eldemonionegro.com/glkm/newticket"
| #define PACKAGE_URL ""
| #define PACKAGE "glkm"
| #define VERSION "glkm_major_version.glkm_minor_version.glkm_micro_version"
| #define GETTEXT_PACKAGE "glkm"
| #define STDC_HEADERS 1
| #define HAVE_SYS_TYPES_H 1
| #define HAVE_SYS_STAT_H 1
| #define HAVE_STDLIB_H 1
| #define HAVE_STRING_H 1
| #define HAVE_MEMORY_H 1
| #define HAVE_STRINGS_H 1
| #define HAVE_INTTYPES_H 1
| #define HAVE_STDINT_H 1
| #define HAVE_UNISTD_H 1
| #define HAVE_LOCALE_H 1
| #define HAVE_LC_MESSAGES 1
| #define HAVE_BIND_TEXTDOMAIN_CODESET 1
| #define HAVE_GETTEXT 1
| #define HAVE_DCGETTEXT 1
| #define ENABLE_NLS 1
| #define STDC_HEADERS 1
| /* end confdefs.h.  */
| #include <stdio.h>
| #ifdef HAVE_SYS_TYPES_H
| # include <sys/types.h>
| #endif
| #ifdef HAVE_SYS_STAT_H
| # include <sys/stat.h>
| #endif
| #ifdef STDC_HEADERS
| # include <stdlib.h>
| # include <stddef.h>
| #else
| # ifdef HAVE_STDLIB_H
| #  include <stdlib.h>
| # endif
| #endif
| #ifdef HAVE_STRING_H
| # if !defined STDC_HEADERS && defined HAVE_MEMORY_H
| #  include <memory.h>
| # endif
| # include <string.h>
| #endif
| #ifdef HAVE_STRINGS_H
| # include <strings.h>
| #endif
| #ifdef HAVE_INTTYPES_H
| # include <inttypes.h>
| #endif
| #ifdef HAVE_STDINT_H
| # include <stdint.h>
| #endif
| #ifdef HAVE_UNISTD_H
| # include <unistd.h>
| #endif
| int
| main ()
| {
| if (sizeof (_Bool))
| 	 return 0;
|   ;
|   return 0;
| }
configure:9182: result: no
configure:9201: checking for libintl.h
configure:9201: result: yes
configure:9250: checking build system type
configure:9264: result: x86_64-unknown-linux-gnu
configure:9284: checking host system type
configure:9297: result: x86_64-unknown-linux-gnu
configure:9338: checking how to print strings
configure:9365: result: printf
configure:9386: checking for a sed that does not truncate output
configure:9450: result: /bin/sed
configure:9468: checking for fgrep
configure:9530: result: /bin/grep -F
configure:9565: checking for ld used by gcc -std=gnu99
configure:9632: result: /usr/bin/ld
configure:9639: checking if the linker (/usr/bin/ld) is GNU ld
configure:9654: result: yes
configure:9666: checking for BSD- or MS-compatible name lister (nm)
configure:9715: result: /usr/bin/nm -B
configure:9845: checking the name lister (/usr/bin/nm -B) interface
configure:9852: g++ -c   conftest.cpp >&5
configure:9855: /usr/bin/nm -B "conftest.o"
configure:9858: output
0000000000000000 B some_variable
configure:9865: result: BSD nm
configure:9868: checking whether ln -s works
configure:9872: result: yes
configure:9880: checking the maximum length of command line arguments
configure:10011: result: 1572864
configure:10028: checking whether the shell understands some XSI constructs
configure:10038: result: yes
configure:10042: checking whether the shell understands "+="
configure:10048: result: yes
configure:10083: checking how to convert x86_64-unknown-linux-gnu file names to x86_64-unknown-linux-gnu format
configure:10123: result: func_convert_file_noop
configure:10130: checking how to convert x86_64-unknown-linux-gnu file names to toolchain format
configure:10150: result: func_convert_file_noop
configure:10157: checking for /usr/bin/ld option to reload object files
configure:10164: result: -r
configure:10238: checking for objdump
configure:10254: found /usr/bin/objdump
configure:10265: result: objdump
configure:10297: checking how to recognize dependent libraries
configure:10495: result: pass_all
configure:10580: checking for dlltool
configure:10610: result: no
configure:10640: checking how to associate runtime and link libraries
configure:10667: result: printf %s\n
configure:10727: checking for ar
configure:10743: found /usr/bin/ar
configure:10754: result: ar
configure:10791: checking for archiver @FILE support
configure:10808: g++ -c   conftest.cpp >&5
configure:10808: $? = 0
configure:10811: ar cru libconftest.a @conftest.lst >&5
configure:10814: $? = 0
configure:10819: ar cru libconftest.a @conftest.lst >&5
ar: conftest.o: No such file or directory
configure:10822: $? = 1
configure:10834: result: @
configure:10892: checking for strip
configure:10908: found /usr/bin/strip
configure:10919: result: strip
configure:10991: checking for ranlib
configure:11007: found /usr/bin/ranlib
configure:11018: result: ranlib
configure:11120: checking command to parse /usr/bin/nm -B output from gcc -std=gnu99 object
configure:11240: g++ -c   conftest.cpp >&5
configure:11243: $? = 0
configure:11247: /usr/bin/nm -B conftest.o \| sed -n -e 's/^.*[ ]\([ABCDGIRSTW][ABCDGIRSTW]*\)[ ][ ]*\([_A-Za-z][_A-Za-z0-9]*\)$/\1 \2 \2/p' | sed '/ __gnu_lto/d' \> conftest.nm
configure:11250: $? = 0
configure:11316: g++ -o conftest    conftest.cpp conftstm.o >&5
configure:11319: $? = 0
configure:11357: result: ok
configure:11394: checking for sysroot
configure:11424: result: no
configure:11502: g++ -c   conftest.cpp >&5
configure:11505: $? = 0
configure:11694: checking for mt
configure:11710: found /bin/mt
configure:11721: result: mt
configure:11744: checking if mt is a manifest tool
configure:11750: mt '-?'
configure:11758: result: no
configure:12397: checking for dlfcn.h
configure:12397: g++ -c   conftest.cpp >&5
configure:12397: $? = 0
configure:12397: result: yes
configure:12613: checking for objdir
configure:12628: result: .libs
configure:12899: checking if gcc -std=gnu99 supports -fno-rtti -fno-exceptions
configure:12917: gcc -std=gnu99 -c   -fno-rtti -fno-exceptions conftest.c >&5
cc1: warning: command line option '-fno-rtti' is valid for C++/ObjC++ but not for C
configure:12921: $? = 0
configure:12934: result: no
configure:13261: checking for gcc -std=gnu99 option to produce PIC
configure:13268: result: -fPIC -DPIC
configure:13276: checking if gcc -std=gnu99 PIC flag -fPIC -DPIC works
configure:13294: gcc -std=gnu99 -c   -fPIC -DPIC -DPIC conftest.c >&5
configure:13298: $? = 0
configure:13311: result: yes
configure:13340: checking if gcc -std=gnu99 static flag -static works
configure:13368: result: yes
configure:13383: checking if gcc -std=gnu99 supports -c -o file.o
configure:13404: gcc -std=gnu99 -c   -o out/conftest2.o conftest.c >&5
configure:13408: $? = 0
configure:13430: result: yes
configure:13438: checking if gcc -std=gnu99 supports -c -o file.o
configure:13485: result: yes
configure:13518: checking whether the gcc -std=gnu99 linker (/usr/bin/ld -m elf_x86_64) supports shared libraries
configure:14675: result: yes
configure:14712: checking whether -lc should be explicitly linked in
configure:14720: gcc -std=gnu99 -c   conftest.c >&5
configure:14723: $? = 0
configure:14738: gcc -std=gnu99 -shared  -fPIC -DPIC conftest.o  -v -Wl,-soname -Wl,conftest -o conftest 2\>\&1 \| /bin/grep  -lc  \>/dev/null 2\>\&1
configure:14741: $? = 0
configure:14755: result: no
configure:14915: checking dynamic linker characteristics
configure:15415: gcc -std=gnu99 -o conftest    -Wl,-rpath -Wl,/foo conftest.c  >&5
configure:15415: $? = 0
configure:15649: result: GNU/Linux ld.so
configure:15756: checking how to hardcode library paths into programs
configure:15781: result: immediate
configure:16321: checking whether stripping libraries is possible
configure:16326: result: yes
configure:16361: checking if libtool supports shared libraries
configure:16363: result: yes
configure:16366: checking whether to build shared libraries
configure:16387: result: yes
configure:16390: checking whether to build static libraries
configure:16394: result: yes
configure:16417: checking how to run the C++ preprocessor
configure:16483: result: g++ -E
configure:16503: g++ -E  conftest.cpp
configure:16503: $? = 0
configure:16517: g++ -E  conftest.cpp
conftest.cpp:33:28: fatal error: ac_nonexistent.h: No such file or directory
 #include <ac_nonexistent.h>
                            ^
compilation terminated.
configure:16517: $? = 1
configure: failed program was:
| /* confdefs.h */
| #define PACKAGE_NAME "GNOME LINUX Kernel Monitor"
| #define PACKAGE_TARNAME "glkm"
| #define PACKAGE_VERSION "glkm_major_version.glkm_minor_version.glkm_micro_version"
| #define PACKAGE_STRING "GNOME LINUX Kernel Monitor glkm_major_version.glkm_minor_version.glkm_micro_version"
| #define PACKAGE_BUGREPORT "http://eldemonionegro.com/glkm/newticket"
| #define PACKAGE_URL ""
| #define PACKAGE "glkm"
| #define VERSION "glkm_major_version.glkm_minor_version.glkm_micro_version"
| #define GETTEXT_PACKAGE "glkm"
| #define STDC_HEADERS 1
| #define HAVE_SYS_TYPES_H 1
| #define HAVE_SYS_STAT_H 1
| #define HAVE_STDLIB_H 1
| #define HAVE_STRING_H 1
| #define HAVE_MEMORY_H 1
| #define HAVE_STRINGS_H 1
| #define HAVE_INTTYPES_H 1
| #define HAVE_STDINT_H 1
| #define HAVE_UNISTD_H 1
| #define HAVE_LOCALE_H 1
| #define HAVE_LC_MESSAGES 1
| #define HAVE_BIND_TEXTDOMAIN_CODESET 1
| #define HAVE_GETTEXT 1
| #define HAVE_DCGETTEXT 1
| #define ENABLE_NLS 1
| #define STDC_HEADERS 1
| #define HAVE_STDBOOL_H 1
| #define HAVE_LIBINTL_H 1
| #define HAVE_DLFCN_H 1
| #define LT_OBJDIR ".libs/"
| /* end confdefs.h.  */
| #include <ac_nonexistent.h>
configure:16686: checking for ld used by g++
configure:16753: result: /usr/bin/ld -m elf_x86_64
configure:16760: checking if the linker (/usr/bin/ld -m elf_x86_64) is GNU ld
configure:16775: result: yes
configure:16830: checking whether the g++ linker (/usr/bin/ld -m elf_x86_64) supports shared libraries
configure:17832: result: yes
configure:17868: g++ -c   conftest.cpp >&5
configure:17871: $? = 0
configure:18391: checking for g++ option to produce PIC
configure:18398: result: -fPIC -DPIC
configure:18406: checking if g++ PIC flag -fPIC -DPIC works
configure:18424: g++ -c   -fPIC -DPIC -DPIC conftest.cpp >&5
configure:18428: $? = 0
configure:18441: result: yes
configure:18464: checking if g++ static flag -static works
configure:18492: result: yes
configure:18504: checking if g++ supports -c -o file.o
configure:18525: g++ -c   -o out/conftest2.o conftest.cpp >&5
configure:18529: $? = 0
configure:18551: result: yes
configure:18556: checking if g++ supports -c -o file.o
configure:18603: result: yes
configure:18633: checking whether the g++ linker (/usr/bin/ld -m elf_x86_64) supports shared libraries
configure:18672: result: yes
configure:18813: checking dynamic linker characteristics
configure:19481: result: GNU/Linux ld.so
configure:19534: checking how to hardcode library paths into programs
configure:19559: result: immediate
configure:19632: checking whether to compile or not with DEBUG settings
configure:19636: result: yes
configure:19673: checking whether to compile or not with GNOME3 settings
configure:19684: result: no
configure:19695: checking whether to compile or not with code coverage settings
configure:19718: result: no
configure:19723: checking for size_t
configure:19723: g++ -c   conftest.cpp >&5
configure:19723: $? = 0
configure:19723: g++ -c   conftest.cpp >&5
conftest.cpp: In function 'int main()':
conftest.cpp:70:20: error: expected primary-expression before ')' token
 if (sizeof ((size_t)))
                    ^
configure:19723: $? = 1
configure: failed program was:
| /* confdefs.h */
| #define PACKAGE_NAME "GNOME LINUX Kernel Monitor"
| #define PACKAGE_TARNAME "glkm"
| #define PACKAGE_VERSION "glkm_major_version.glkm_minor_version.glkm_micro_version"
| #define PACKAGE_STRING "GNOME LINUX Kernel Monitor glkm_major_version.glkm_minor_version.glkm_micro_version"
| #define PACKAGE_BUGREPORT "http://eldemonionegro.com/glkm/newticket"
| #define PACKAGE_URL ""
| #define PACKAGE "glkm"
| #define VERSION "glkm_major_version.glkm_minor_version.glkm_micro_version"
| #define GETTEXT_PACKAGE "glkm"
| #define STDC_HEADERS 1
| #define HAVE_SYS_TYPES_H 1
| #define HAVE_SYS_STAT_H 1
| #define HAVE_STDLIB_H 1
| #define HAVE_STRING_H 1
| #define HAVE_MEMORY_H 1
| #define HAVE_STRINGS_H 1
| #define HAVE_INTTYPES_H 1
| #define HAVE_STDINT_H 1
| #define HAVE_UNISTD_H 1
| #define HAVE_LOCALE_H 1
| #define HAVE_LC_MESSAGES 1
| #define HAVE_BIND_TEXTDOMAIN_CODESET 1
| #define HAVE_GETTEXT 1
| #define HAVE_DCGETTEXT 1
| #define ENABLE_NLS 1
| #define STDC_HEADERS 1
| #define HAVE_STDBOOL_H 1
| #define HAVE_LIBINTL_H 1
| #define HAVE_DLFCN_H 1
| #define LT_OBJDIR ".libs/"
| #define DEBUG /**/
| /* end confdefs.h.  */
| #include <stdio.h>
| #ifdef HAVE_SYS_TYPES_H
| # include <sys/types.h>
| #endif
| #ifdef HAVE_SYS_STAT_H
| # include <sys/stat.h>
| #endif
| #ifdef STDC_HEADERS
| # include <stdlib.h>
| # include <stddef.h>
| #else
| # ifdef HAVE_STDLIB_H
| #  include <stdlib.h>
| # endif
| #endif
| #ifdef HAVE_STRING_H
| # if !defined STDC_HEADERS && defined HAVE_MEMORY_H
| #  include <memory.h>
| # endif
| # include <string.h>
| #endif
| #ifdef HAVE_STRINGS_H
| # include <strings.h>
| #endif
| #ifdef HAVE_INTTYPES_H
| # include <inttypes.h>
| #endif
| #ifdef HAVE_STDINT_H
| # include <stdint.h>
| #endif
| #ifdef HAVE_UNISTD_H
| # include <unistd.h>
| #endif
| int
| main ()
| {
| if (sizeof ((size_t)))
| 	    return 0;
|   ;
|   return 0;
| }
configure:19723: result: yes
configure:19736: checking for stdlib.h
configure:19736: result: yes
configure:19746: checking for GNU libc compatible malloc
configure:19770: g++ -o conftest    conftest.cpp  >&5
configure:19770: $? = 0
configure:19770: ./conftest
configure:19770: $? = 0
configure:19780: result: yes
configure:19803: checking for stdlib.h
configure:19803: result: yes
configure:19813: checking for GNU libc compatible realloc
configure:19837: g++ -o conftest    conftest.cpp  >&5
configure:19837: $? = 0
configure:19837: ./conftest
configure:19837: $? = 0
configure:19847: result: yes
configure:19872: checking for inline
configure:19888: g++ -c   conftest.cpp >&5
configure:19888: $? = 0
configure:19896: result: inline
configure:19917: checking for memset
configure:19917: g++ -o conftest    conftest.cpp  >&5
configure:19917: $? = 0
configure:19917: result: yes
configure:19928: checking for setenv
configure:19928: g++ -o conftest    conftest.cpp  >&5
configure:19928: $? = 0
configure:19928: result: yes
configure:20067: checking that generated files are newer than configure
configure:20073: result: done
configure:20116: creating ./config.status

## ---------------- ##
## Cache variables. ##
## ---------------- ##

ac_cv_build=x86_64-unknown-linux-gnu
ac_cv_c_compiler_gnu=yes
ac_cv_c_inline=inline
ac_cv_cxx_compiler_gnu=yes
ac_cv_env_CCC_set=
ac_cv_env_CCC_value=
ac_cv_env_CC_set=
ac_cv_env_CC_value=
ac_cv_env_CFLAGS_set=
ac_cv_env_CFLAGS_value=
ac_cv_env_CPPFLAGS_set=
ac_cv_env_CPPFLAGS_value=
ac_cv_env_CPP_set=
ac_cv_env_CPP_value=
ac_cv_env_CXXCPP_set=
ac_cv_env_CXXCPP_value=
ac_cv_env_CXXFLAGS_set=
ac_cv_env_CXXFLAGS_value=
ac_cv_env_CXX_set=
ac_cv_env_CXX_value=
ac_cv_env_GIOMM_CFLAGS_set=
ac_cv_env_GIOMM_CFLAGS_value=
ac_cv_env_GIOMM_LIBS_set=
ac_cv_env_GIOMM_LIBS_value=
ac_cv_env_GLKM_CFLAGS_set=
ac_cv_env_GLKM_CFLAGS_value=
ac_cv_env_GLKM_LIBS_set=
ac_cv_env_GLKM_LIBS_value=
ac_cv_env_LDFLAGS_set=
ac_cv_env_LDFLAGS_value=
ac_cv_env_LIBDBUSMM_CFLAGS_set=
ac_cv_env_LIBDBUSMM_CFLAGS_value=
ac_cv_env_LIBDBUSMM_LIBS_set=
ac_cv_env_LIBDBUSMM_LIBS_value=
ac_cv_env_LIBGNOME_CFLAGS_set=
ac_cv_env_LIBGNOME_CFLAGS_value=
ac_cv_env_LIBGNOME_LIBS_set=
ac_cv_env_LIBGNOME_LIBS_value=
ac_cv_env_LIBSIGCMM_CFLAGS_set=
ac_cv_env_LIBSIGCMM_CFLAGS_value=
ac_cv_env_LIBSIGCMM_LIBS_set=
ac_cv_env_LIBSIGCMM_LIBS_value=
ac_cv_env_LIBS_set=
ac_cv_env_LIBS_value=
ac_cv_env_PKG_CONFIG_LIBDIR_set=
ac_cv_env_PKG_CONFIG_LIBDIR_value=
ac_cv_env_PKG_CONFIG_PATH_set=
ac_cv_env_PKG_CONFIG_PATH_value=
ac_cv_env_PKG_CONFIG_set=
ac_cv_env_PKG_CONFIG_value=
ac_cv_env_build_alias_set=
ac_cv_env_build_alias_value=
ac_cv_env_host_alias_set=
ac_cv_env_host_alias_value=
ac_cv_env_target_alias_set=
ac_cv_env_target_alias_value=
ac_cv_func_bind_textdomain_codeset=yes
ac_cv_func_dcgettext=yes
ac_cv_func_malloc_0_nonnull=yes
ac_cv_func_memset=yes
ac_cv_func_realloc_0_nonnull=yes
ac_cv_func_setenv=yes
ac_cv_header_dlfcn_h=yes
ac_cv_header_inttypes_h=yes
ac_cv_header_libintl_h=yes
ac_cv_header_locale_h=yes
ac_cv_header_memory_h=yes
ac_cv_header_stdbool_h=yes
ac_cv_header_stdc=yes
ac_cv_header_stdint_h=yes
ac_cv_header_stdlib_h=yes
ac_cv_header_string_h=yes
ac_cv_header_strings_h=yes
ac_cv_header_sys_stat_h=yes
ac_cv_header_sys_types_h=yes
ac_cv_header_unistd_h=yes
ac_cv_host=x86_64-unknown-linux-gnu
ac_cv_objext=o
ac_cv_path_EGREP='/bin/grep -E'
ac_cv_path_FGREP='/bin/grep -F'
ac_cv_path_GMSGFMT=/usr/bin/msgfmt
ac_cv_path_GREP=/bin/grep
ac_cv_path_INTLTOOL_EXTRACT=/usr/bin/intltool-extract
ac_cv_path_INTLTOOL_MERGE=/usr/bin/intltool-merge
ac_cv_path_INTLTOOL_PERL=/usr/bin/perl
ac_cv_path_INTLTOOL_UPDATE=/usr/bin/intltool-update
ac_cv_path_MSGFMT=/usr/bin/msgfmt
ac_cv_path_MSGMERGE=/usr/bin/msgmerge
ac_cv_path_PKGCONFIG_CONFIG=/usr/bin/pkg-config
ac_cv_path_SED=/bin/sed
ac_cv_path_XGETTEXT=/usr/bin/xgettext
ac_cv_path_ac_pt_PKG_CONFIG=/usr/bin/pkg-config
ac_cv_path_install='/usr/bin/install -c'
ac_cv_path_mkdir=/bin/mkdir
ac_cv_prog_AWK=gawk
ac_cv_prog_CPP='gcc -E'
ac_cv_prog_CXXCPP='g++ -E'
ac_cv_prog_ac_ct_AR=ar
ac_cv_prog_ac_ct_CC=gcc
ac_cv_prog_ac_ct_CXX=g++
ac_cv_prog_ac_ct_MANIFEST_TOOL=mt
ac_cv_prog_ac_ct_OBJDUMP=objdump
ac_cv_prog_ac_ct_RANLIB=ranlib
ac_cv_prog_ac_ct_STRIP=strip
ac_cv_prog_cc_c89=
ac_cv_prog_cc_c99=-std=gnu99
ac_cv_prog_cc_g=yes
ac_cv_prog_cc_stdc=-std=gnu99
ac_cv_prog_cxx_g=yes
ac_cv_prog_make_make_set=yes
ac_cv_type__Bool=no
ac_cv_type_size_t=yes
am_cv_CC_dependencies_compiler_type=gcc3
am_cv_CXX_dependencies_compiler_type=gcc3
am_cv_make_support_nested_variables=yes
am_cv_prog_cc_c_o=yes
am_cv_val_LC_MESSAGES=yes
gt_cv_func_dgettext_libc=yes
gt_cv_func_dgettext_libintl=no
gt_cv_func_ngettext_libc=yes
gt_cv_have_gettext=yes
lt_cv_ar_at_file=@
lt_cv_archive_cmds_need_lc=no
lt_cv_deplibs_check_method=pass_all
lt_cv_file_magic_cmd='$MAGIC_CMD'
lt_cv_file_magic_test_file=
lt_cv_ld_reload_flag=-r
lt_cv_nm_interface='BSD nm'
lt_cv_objdir=.libs
lt_cv_path_LD=/usr/bin/ld
lt_cv_path_LDCXX='/usr/bin/ld -m elf_x86_64'
lt_cv_path_NM='/usr/bin/nm -B'
lt_cv_path_mainfest_tool=no
lt_cv_prog_compiler_c_o=yes
lt_cv_prog_compiler_c_o_CXX=yes
lt_cv_prog_compiler_pic='-fPIC -DPIC'
lt_cv_prog_compiler_pic_CXX='-fPIC -DPIC'
lt_cv_prog_compiler_pic_works=yes
lt_cv_prog_compiler_pic_works_CXX=yes
lt_cv_prog_compiler_rtti_exceptions=no
lt_cv_prog_compiler_static_works=yes
lt_cv_prog_compiler_static_works_CXX=yes
lt_cv_prog_gnu_ld=yes
lt_cv_prog_gnu_ldcxx=yes
lt_cv_sharedlib_from_linklib_cmd='printf %s\n'
lt_cv_shlibpath_overrides_runpath=no
lt_cv_sys_global_symbol_pipe='sed -n -e '\''s/^.*[	 ]\([ABCDGIRSTW][ABCDGIRSTW]*\)[	 ][	 ]*\([_A-Za-z][_A-Za-z0-9]*\)$/\1 \2 \2/p'\'' | sed '\''/ __gnu_lto/d'\'''
lt_cv_sys_global_symbol_to_c_name_address='sed -n -e '\''s/^: \([^ ]*\)[ ]*$/  {\"\1\", (void *) 0},/p'\'' -e '\''s/^[ABCDGIRSTW]* \([^ ]*\) \([^ ]*\)$/  {"\2", (void *) \&\2},/p'\'''
lt_cv_sys_global_symbol_to_c_name_address_lib_prefix='sed -n -e '\''s/^: \([^ ]*\)[ ]*$/  {\"\1\", (void *) 0},/p'\'' -e '\''s/^[ABCDGIRSTW]* \([^ ]*\) \(lib[^ ]*\)$/  {"\2", (void *) \&\2},/p'\'' -e '\''s/^[ABCDGIRSTW]* \([^ ]*\) \([^ ]*\)$/  {"lib\2", (void *) \&\2},/p'\'''
lt_cv_sys_global_symbol_to_cdecl='sed -n -e '\''s/^T .* \(.*\)$/extern int \1();/p'\'' -e '\''s/^[ABCDGIRSTW]* .* \(.*\)$/extern char \1;/p'\'''
lt_cv_sys_max_cmd_len=1572864
lt_cv_to_host_file_cmd=func_convert_file_noop
lt_cv_to_tool_file_cmd=func_convert_file_noop
pkg_cv_GIOMM_CFLAGS='-pthread -I/usr/include/giomm-2.4 -I/usr/lib/x86_64-linux-gnu/giomm-2.4/include -I/usr/include/glibmm-2.4 -I/usr/lib/x86_64-linux-gnu/glibmm-2.4/include -I/usr/include/glib-2.0 -I/usr/lib/x86_64-linux-gnu/glib-2.0/include -I/usr/include/sigc++-2.0 -I/usr/lib/x86_64-linux-gnu/sigc++-2.0/include '
pkg_cv_GIOMM_LIBS='-lgiomm-2.4 -lgio-2.0 -lglibmm-2.4 -lgobject-2.0 -lglib-2.0 -lsigc-2.0 '
pkg_cv_GLKM_CFLAGS='-pthread -I/usr/include/gtkmm-3.0 -I/usr/lib/x86_64-linux-gnu/gtkmm-3.0/include -I/usr/include/atkmm-1.6 -I/usr/include/gtk-3.0/unix-print -I/usr/include/gdkmm-3.0 -I/usr/lib/x86_64-linux-gnu/gdkmm-3.0/include -I/usr/include/giomm-2.4 -I/usr/lib/x86_64-linux-gnu/giomm-2.4/include -I/usr/include/pangomm-1.4 -I/usr/lib/x86_64-linux-gnu/pangomm-1.4/include -I/usr/include/glibmm-2.4 -I/usr/lib/x86_64-linux-gnu/glibmm-2.4/include -I/usr/include/gtk-3.0 -I/usr/include/at-spi2-atk/2.0 -I/usr/include/at-spi-2.0 -I/usr/include/dbus-1.0 -I/usr/lib/x86_64-linux-gnu/dbus-1.0/include -I/usr/include/gtk-3.0 -I/usr/include/gio-unix-2.0/ -I/usr/include/cairo -I/usr/include/pango-1.0 -I/usr/include/harfbuzz -I/usr/include/pango-1.0 -I/usr/include/atk-1.0 -I/usr/include/cairo -I/usr/include/pixman-1 -I/usr/include/freetype2 -I/usr/include/libdrm -I/usr/include/libpng12 -I/usr/include/sigc++-2.0 -I/usr/lib/x86_64-linux-gnu/sigc++-2.0/include -I/usr/include/gdk-pixbuf-2.0 -I/usr/include/libpng12 -I/usr/include/glib-2.0 -I/usr/lib/x86_64-linux-gnu/glib-2.0/include -I/usr/include/cairomm-1.0 -I/usr/lib/cairomm-1.0/include '
pkg_cv_GLKM_LIBS='-lgtkmm-3.0 -latkmm-1.6 -lgdkmm-3.0 -lgiomm-2.4 -lpangomm-1.4 -lglibmm-2.4 -lgtk-3 -lgdk-3 -lpangocairo-1.0 -lpango-1.0 -latk-1.0 -lcairo-gobject -lgio-2.0 -lcairomm-1.0 -lcairo -lsigc-2.0 -lgdk_pixbuf-2.0 -lgobject-2.0 -lglib-2.0 '
pkg_cv_LIBSIGCMM_CFLAGS='-I/usr/include/sigc++-2.0 -I/usr/lib/x86_64-linux-gnu/sigc++-2.0/include '
pkg_cv_LIBSIGCMM_LIBS='-lsigc-2.0 '

## ----------------- ##
## Output variables. ##
## ----------------- ##

ACLOCAL='${SHELL} /home/enrgar/codigo/git/glkm/gui/config-aux/missing aclocal-1.14'
ALL_LINGUAS=''
AMDEPBACKSLASH='\'
AMDEP_FALSE='#'
AMDEP_TRUE=''
AMTAR='$${TAR-tar}'
AM_BACKSLASH='\'
AM_CFLAGS=''
AM_CXXFLAGS=' -rdynamic -ggdb -g -O0 -Wall -Wno-uninitialized -fstack-protector-all'
AM_DEFAULT_V='$(AM_DEFAULT_VERBOSITY)'
AM_DEFAULT_VERBOSITY='0'
AM_V='$(V)'
AR='ar'
AUTOCONF='${SHELL} /home/enrgar/codigo/git/glkm/gui/config-aux/missing autoconf'
AUTOHEADER='${SHELL} /home/enrgar/codigo/git/glkm/gui/config-aux/missing autoheader'
AUTOMAKE='${SHELL} /home/enrgar/codigo/git/glkm/gui/config-aux/missing automake-1.14'
AWK='gawk'
CATALOGS=''
CATOBJEXT='.gmo'
CC='gcc -std=gnu99'
CCDEPMODE='depmode=gcc3'
CFLAGS=''
CPP='gcc -E'
CPPFLAGS=''
CXX='g++'
CXXCPP='g++ -E'
CXXDEPMODE='depmode=gcc3'
CXXFLAGS=''
CYGPATH_W='echo'
DATADIRNAME='share'
DEFS='-DHAVE_CONFIG_H'
DEPDIR='.deps'
DLLTOOL='false'
DSYMUTIL=''
DUMPBIN=''
ECHO_C=''
ECHO_N='-n'
ECHO_T=''
EGREP='/bin/grep -E'
EXEEXT=''
FGREP='/bin/grep -F'
GETTEXT_MACRO_VERSION='0.19'
GETTEXT_PACKAGE='glkm'
GIOMM_CFLAGS='-pthread -I/usr/include/giomm-2.4 -I/usr/lib/x86_64-linux-gnu/giomm-2.4/include -I/usr/include/glibmm-2.4 -I/usr/lib/x86_64-linux-gnu/glibmm-2.4/include -I/usr/include/glib-2.0 -I/usr/lib/x86_64-linux-gnu/glib-2.0/include -I/usr/include/sigc++-2.0 -I/usr/lib/x86_64-linux-gnu/sigc++-2.0/include '
GIOMM_LIBS='-lgiomm-2.4 -lgio-2.0 -lglibmm-2.4 -lgobject-2.0 -lglib-2.0 -lsigc-2.0 '
GIOMM_REQUIRED='2.22.1'
GLKM_CFLAGS='-pthread -I/usr/include/gtkmm-3.0 -I/usr/lib/x86_64-linux-gnu/gtkmm-3.0/include -I/usr/include/atkmm-1.6 -I/usr/include/gtk-3.0/unix-print -I/usr/include/gdkmm-3.0 -I/usr/lib/x86_64-linux-gnu/gdkmm-3.0/include -I/usr/include/giomm-2.4 -I/usr/lib/x86_64-linux-gnu/giomm-2.4/include -I/usr/include/pangomm-1.4 -I/usr/lib/x86_64-linux-gnu/pangomm-1.4/include -I/usr/include/glibmm-2.4 -I/usr/lib/x86_64-linux-gnu/glibmm-2.4/include -I/usr/include/gtk-3.0 -I/usr/include/at-spi2-atk/2.0 -I/usr/include/at-spi-2.0 -I/usr/include/dbus-1.0 -I/usr/lib/x86_64-linux-gnu/dbus-1.0/include -I/usr/include/gtk-3.0 -I/usr/include/gio-unix-2.0/ -I/usr/include/cairo -I/usr/include/pango-1.0 -I/usr/include/harfbuzz -I/usr/include/pango-1.0 -I/usr/include/atk-1.0 -I/usr/include/cairo -I/usr/include/pixman-1 -I/usr/include/freetype2 -I/usr/include/libdrm -I/usr/include/libpng12 -I/usr/include/sigc++-2.0 -I/usr/lib/x86_64-linux-gnu/sigc++-2.0/include -I/usr/include/gdk-pixbuf-2.0 -I/usr/include/libpng12 -I/usr/include/glib-2.0 -I/usr/lib/x86_64-linux-gnu/glib-2.0/include -I/usr/include/cairomm-1.0 -I/usr/lib/cairomm-1.0/include '
GLKM_LIBS='-lgtkmm-3.0 -latkmm-1.6 -lgdkmm-3.0 -lgiomm-2.4 -lpangomm-1.4 -lglibmm-2.4 -lgtk-3 -lgdk-3 -lpangocairo-1.0 -lpango-1.0 -latk-1.0 -lcairo-gobject -lgio-2.0 -lcairomm-1.0 -lcairo -lsigc-2.0 -lgdk_pixbuf-2.0 -lgobject-2.0 -lglib-2.0 '
GMOFILES=''
GMSGFMT='/usr/bin/msgfmt'
GMSGFMT_015='/usr/bin/msgfmt'
GREP='/bin/grep'
GTKMM_REQUIRED='3.4'
HAVE_LIBDBUSMM_FALSE=''
HAVE_LIBDBUSMM_TRUE='#'
INSTALL_DATA='${INSTALL} -m 644'
INSTALL_PROGRAM='${INSTALL}'
INSTALL_SCRIPT='${INSTALL}'
INSTALL_STRIP_PROGRAM='$(install_sh) -c -s'
INSTOBJEXT='.mo'
INTLLIBS=''
INTLTOOL_CAVES_RULE='%.caves:     %.caves.in     $(INTLTOOL_MERGE) $(wildcard $(top_srcdir)/po/*.po) ; $(INTLTOOL_V_MERGE)LC_ALL=C $(INTLTOOL_MERGE) $(INTLTOOL_V_MERGE_OPTIONS) -d -u -c $(top_builddir)/po/.intltool-merge-cache $(top_srcdir)/po $< $@'
INTLTOOL_DESKTOP_RULE='%.desktop:   %.desktop.in   $(INTLTOOL_MERGE) $(wildcard $(top_srcdir)/po/*.po) ; $(INTLTOOL_V_MERGE)LC_ALL=C $(INTLTOOL_MERGE) $(INTLTOOL_V_MERGE_OPTIONS) -d -u -c $(top_builddir)/po/.intltool-merge-cache $(top_srcdir)/po $< $@'
INTLTOOL_DIRECTORY_RULE='%.directory: %.directory.in $(INTLTOOL_MERGE) $(wildcard $(top_srcdir)/po/*.po) ; $(INTLTOOL_V_MERGE)LC_ALL=C $(INTLTOOL_MERGE) $(INTLTOOL_V_MERGE_OPTIONS) -d -u -c $(top_builddir)/po/.intltool-merge-cache $(top_srcdir)/po $< $@'
INTLTOOL_EXTRACT='/usr/bin/intltool-extract'
INTLTOOL_KBD_RULE='%.kbd:       %.kbd.in       $(INTLTOOL_MERGE) $(wildcard $(top_srcdir)/po/*.po) ; $(INTLTOOL_V_MERGE)LC_ALL=C $(INTLTOOL_MERGE) $(INTLTOOL_V_MERGE_OPTIONS) -x -u -m -c $(top_builddir)/po/.intltool-merge-cache $(top_srcdir)/po $< $@'
INTLTOOL_KEYS_RULE='%.keys:      %.keys.in      $(INTLTOOL_MERGE) $(wildcard $(top_srcdir)/po/*.po) ; $(INTLTOOL_V_MERGE)LC_ALL=C $(INTLTOOL_MERGE) $(INTLTOOL_V_MERGE_OPTIONS) -k -u -c $(top_builddir)/po/.intltool-merge-cache $(top_srcdir)/po $< $@'
INTLTOOL_MERGE='/usr/bin/intltool-merge'
INTLTOOL_OAF_RULE='%.oaf:       %.oaf.in       $(INTLTOOL_MERGE) $(wildcard $(top_srcdir)/po/*.po) ; $(INTLTOOL_V_MERGE)LC_ALL=C $(INTLTOOL_MERGE) $(INTLTOOL_V_MERGE_OPTIONS) -o -p $(top_srcdir)/po $< $@'
INTLTOOL_PERL='/usr/bin/perl'
INTLTOOL_POLICY_RULE='%.policy:    %.policy.in    $(INTLTOOL_MERGE) $(wildcard $(top_srcdir)/po/*.po) ; $(INTLTOOL_V_MERGE)LC_ALL=C $(INTLTOOL_MERGE) $(INTLTOOL_V_MERGE_OPTIONS) -x -u -c $(top_builddir)/po/.intltool-merge-cache $(top_srcdir)/po $< $@'
INTLTOOL_PONG_RULE='%.pong:      %.pong.in      $(INTLTOOL_MERGE) $(wildcard $(top_srcdir)/po/*.po) ; $(INTLTOOL_V_MERGE)LC_ALL=C $(INTLTOOL_MERGE) $(INTLTOOL_V_MERGE_OPTIONS) -x -u -c $(top_builddir)/po/.intltool-merge-cache $(top_srcdir)/po $< $@'
INTLTOOL_PROP_RULE='%.prop:      %.prop.in      $(INTLTOOL_MERGE) $(wildcard $(top_srcdir)/po/*.po) ; $(INTLTOOL_V_MERGE)LC_ALL=C $(INTLTOOL_MERGE) $(INTLTOOL_V_MERGE_OPTIONS) -d -u -c $(top_builddir)/po/.intltool-merge-cache $(top_srcdir)/po $< $@'
INTLTOOL_SCHEMAS_RULE='%.schemas:   %.schemas.in   $(INTLTOOL_MERGE) $(wildcard $(top_srcdir)/po/*.po) ; $(INTLTOOL_V_MERGE)LC_ALL=C $(INTLTOOL_MERGE) $(INTLTOOL_V_MERGE_OPTIONS) -s -u -c $(top_builddir)/po/.intltool-merge-cache $(top_srcdir)/po $< $@'
INTLTOOL_SERVER_RULE='%.server:    %.server.in    $(INTLTOOL_MERGE) $(wildcard $(top_srcdir)/po/*.po) ; $(INTLTOOL_V_MERGE)LC_ALL=C $(INTLTOOL_MERGE) $(INTLTOOL_V_MERGE_OPTIONS) -o -u -c $(top_builddir)/po/.intltool-merge-cache $(top_srcdir)/po $< $@'
INTLTOOL_SERVICE_RULE='%.service: %.service.in   $(INTLTOOL_MERGE) $(wildcard $(top_srcdir)/po/*.po) ; $(INTLTOOL_V_MERGE)LC_ALL=C $(INTLTOOL_MERGE) $(INTLTOOL_V_MERGE_OPTIONS) -d -u -c $(top_builddir)/po/.intltool-merge-cache $(top_srcdir)/po $< $@'
INTLTOOL_SHEET_RULE='%.sheet:     %.sheet.in     $(INTLTOOL_MERGE) $(wildcard $(top_srcdir)/po/*.po) ; $(INTLTOOL_V_MERGE)LC_ALL=C $(INTLTOOL_MERGE) $(INTLTOOL_V_MERGE_OPTIONS) -x -u -c $(top_builddir)/po/.intltool-merge-cache $(top_srcdir)/po $< $@'
INTLTOOL_SOUNDLIST_RULE='%.soundlist: %.soundlist.in $(INTLTOOL_MERGE) $(wildcard $(top_srcdir)/po/*.po) ; $(INTLTOOL_V_MERGE)LC_ALL=C $(INTLTOOL_MERGE) $(INTLTOOL_V_MERGE_OPTIONS) -d -u -c $(top_builddir)/po/.intltool-merge-cache $(top_srcdir)/po $< $@'
INTLTOOL_THEME_RULE='%.theme:     %.theme.in     $(INTLTOOL_MERGE) $(wildcard $(top_srcdir)/po/*.po) ; $(INTLTOOL_V_MERGE)LC_ALL=C $(INTLTOOL_MERGE) $(INTLTOOL_V_MERGE_OPTIONS) -d -u -c $(top_builddir)/po/.intltool-merge-cache $(top_srcdir)/po $< $@'
INTLTOOL_UI_RULE='%.ui:        %.ui.in        $(INTLTOOL_MERGE) $(wildcard $(top_srcdir)/po/*.po) ; $(INTLTOOL_V_MERGE)LC_ALL=C $(INTLTOOL_MERGE) $(INTLTOOL_V_MERGE_OPTIONS) -x -u -c $(top_builddir)/po/.intltool-merge-cache $(top_srcdir)/po $< $@'
INTLTOOL_UPDATE='/usr/bin/intltool-update'
INTLTOOL_V_MERGE='$(INTLTOOL__v_MERGE_$(V))'
INTLTOOL_V_MERGE_OPTIONS='$(intltool__v_merge_options_$(V))'
INTLTOOL_XAM_RULE='%.xam:       %.xml.in       $(INTLTOOL_MERGE) $(wildcard $(top_srcdir)/po/*.po) ; $(INTLTOOL_V_MERGE)LC_ALL=C $(INTLTOOL_MERGE) $(INTLTOOL_V_MERGE_OPTIONS) -x -u -c $(top_builddir)/po/.intltool-merge-cache $(top_srcdir)/po $< $@'
INTLTOOL_XML_NOMERGE_RULE='%.xml:       %.xml.in       $(INTLTOOL_MERGE) ; $(INTLTOOL_V_MERGE)LC_ALL=C $(INTLTOOL_MERGE) $(INTLTOOL_V_MERGE_OPTIONS) -x -u --no-translations $< $@'
INTLTOOL_XML_RULE='%.xml:       %.xml.in       $(INTLTOOL_MERGE) $(wildcard $(top_srcdir)/po/*.po) ; $(INTLTOOL_V_MERGE)LC_ALL=C $(INTLTOOL_MERGE) $(INTLTOOL_V_MERGE_OPTIONS) -x -u -c $(top_builddir)/po/.intltool-merge-cache $(top_srcdir)/po $< $@'
INTLTOOL__v_MERGE_0='@echo "  ITMRG " $@;'
INTLTOOL__v_MERGE_='$(INTLTOOL__v_MERGE_$(AM_DEFAULT_VERBOSITY))'
LD='/usr/bin/ld -m elf_x86_64'
LDFLAGS=''
LIBDBUSMM_CFLAGS=''
LIBDBUSMM_LIBS=''
LIBDBUSMM_REQUIRED='0.5.0'
LIBGNOME_CFLAGS=''
LIBGNOME_LIBS=''
LIBGNOME_REQUIRED='2.20'
LIBOBJS=''
LIBS=''
LIBSIGCMM_CFLAGS='-I/usr/include/sigc++-2.0 -I/usr/lib/x86_64-linux-gnu/sigc++-2.0/include '
LIBSIGCMM_LIBS='-lsigc-2.0 '
LIBTOOL='$(SHELL) $(top_builddir)/libtool'
LIPO=''
LN_S='ln -s'
LTLIBOBJS=''
MAKEINFO='${SHELL} /home/enrgar/codigo/git/glkm/gui/config-aux/missing makeinfo'
MANIFEST_TOOL=':'
MKDIR_P='/bin/mkdir -p'
MKINSTALLDIRS='config-aux/mkinstalldirs'
MSGFMT='/usr/bin/msgfmt'
MSGFMT_015='/usr/bin/msgfmt'
MSGFMT_OPTS='-c'
MSGMERGE='/usr/bin/msgmerge'
NM='/usr/bin/nm -B'
NMEDIT=''
OBJDUMP='objdump'
OBJEXT='o'
OTOOL64=''
OTOOL=''
PACKAGE='glkm'
PACKAGE_BUGREPORT='http://eldemonionegro.com/glkm/newticket'
PACKAGE_NAME='GNOME LINUX Kernel Monitor'
PACKAGE_STRING='GNOME LINUX Kernel Monitor glkm_major_version.glkm_minor_version.glkm_micro_version'
PACKAGE_TARNAME='glkm'
PACKAGE_URL=''
PACKAGE_VERSION='glkm_major_version.glkm_minor_version.glkm_micro_version'
PATH_SEPARATOR=':'
PKGCONFIG_CONFIG='/usr/bin/pkg-config'
PKG_CONFIG='/usr/bin/pkg-config'
PKG_CONFIG_LIBDIR=''
PKG_CONFIG_PATH=''
POFILES=''
POSUB='po'
PO_IN_DATADIR_FALSE=''
PO_IN_DATADIR_TRUE=''
PROGRAMNAME_LOCALEDIR='${datarootdir}/locale'
RANLIB='ranlib'
SED='/bin/sed'
SET_MAKE=''
SHELL='/bin/bash'
STRIP='strip'
USE_NLS='yes'
VERSION='glkm_major_version.glkm_minor_version.glkm_micro_version'
XGETTEXT='/usr/bin/xgettext'
XGETTEXT_015='/usr/bin/xgettext'
XGETTEXT_EXTRA_OPTIONS=''
ac_ct_AR='ar'
ac_ct_CC='gcc'
ac_ct_CXX='g++'
ac_ct_DUMPBIN=''
am__EXEEXT_FALSE=''
am__EXEEXT_TRUE='#'
am__fastdepCC_FALSE='#'
am__fastdepCC_TRUE=''
am__fastdepCXX_FALSE='#'
am__fastdepCXX_TRUE=''
am__include='include'
am__isrc=''
am__leading_dot='.'
am__nodep='_no'
am__quote=''
am__tar='$${TAR-tar} chof - "$$tardir"'
am__untar='$${TAR-tar} xf -'
bindir='${exec_prefix}/bin'
build='x86_64-unknown-linux-gnu'
build_alias=''
build_cpu='x86_64'
build_os='linux-gnu'
build_vendor='unknown'
datadir='${datarootdir}'
datarootdir='${prefix}/share'
docdir='${datarootdir}/doc/${PACKAGE_TARNAME}'
dvidir='${docdir}'
exec_prefix='${prefix}'
glkm_glade_dir='$(datadir)/glkm/glade'
host='x86_64-unknown-linux-gnu'
host_alias=''
host_cpu='x86_64'
host_os='linux-gnu'
host_vendor='unknown'
htmldir='${docdir}'
includedir='${prefix}/include'
infodir='${datarootdir}/info'
install_sh='${SHELL} /home/enrgar/codigo/git/glkm/gui/config-aux/install-sh'
intltool__v_merge_options_0='-q'
intltool__v_merge_options_='$(intltool__v_merge_options_$(AM_DEFAULT_VERBOSITY))'
libdir='${exec_prefix}/lib'
libexecdir='${exec_prefix}/libexec'
localedir='${datarootdir}/locale'
localstatedir='${prefix}/var'
mandir='${datarootdir}/man'
mkdir_p='$(MKDIR_P)'
oldincludedir='/usr/include'
pdfdir='${docdir}'
prefix='/usr/local'
program_transform_name='s,x,x,'
psdir='${docdir}'
sbindir='${exec_prefix}/sbin'
sharedstatedir='${prefix}/com'
sysconfdir='${prefix}/etc'
target_alias=''

## ----------- ##
## confdefs.h. ##
## ----------- ##

/* confdefs.h */
#define PACKAGE_NAME "GNOME LINUX Kernel Monitor"
#define PACKAGE_TARNAME "glkm"
#define PACKAGE_VERSION "glkm_major_version.glkm_minor_version.glkm_micro_version"
#define PACKAGE_STRING "GNOME LINUX Kernel Monitor glkm_major_version.glkm_minor_version.glkm_micro_version"
#define PACKAGE_BUGREPORT "http://eldemonionegro.com/glkm/newticket"
#define PACKAGE_URL ""
#define PACKAGE "glkm"
#define VERSION "glkm_major_version.glkm_minor_version.glkm_micro_version"
#define GETTEXT_PACKAGE "glkm"
#define STDC_HEADERS 1
#define HAVE_SYS_TYPES_H 1
#define HAVE_SYS_STAT_H 1
#define HAVE_STDLIB_H 1
#define HAVE_STRING_H 1
#define HAVE_MEMORY_H 1
#define HAVE_STRINGS_H 1
#define HAVE_INTTYPES_H 1
#define HAVE_STDINT_H 1
#define HAVE_UNISTD_H 1
#define HAVE_LOCALE_H 1
#define HAVE_LC_MESSAGES 1
#define HAVE_BIND_TEXTDOMAIN_CODESET 1
#define HAVE_GETTEXT 1
#define HAVE_DCGETTEXT 1
#define ENABLE_NLS 1
#define STDC_HEADERS 1
#define HAVE_STDBOOL_H 1
#define HAVE_LIBINTL_H 1
#define HAVE_DLFCN_H 1
#define LT_OBJDIR ".libs/"
#define DEBUG /**/
#define HAVE_STDLIB_H 1
#define HAVE_MALLOC 1
#define HAVE_STDLIB_H 1
#define HAVE_REALLOC 1
#define HAVE_MEMSET 1
#define HAVE_SETENV 1

configure: exit 0

## ---------------------- ##
## Running config.status. ##
## ---------------------- ##

This file was extended by GNOME LINUX Kernel Monitor config.status glkm_major_version.glkm_minor_version.glkm_micro_version, which was
generated by GNU Autoconf 2.69.  Invocation command line was

  CONFIG_FILES    = 
  CONFIG_HEADERS  = 
  CONFIG_LINKS    = 
  CONFIG_COMMANDS = 
  $ ./config.status 

on blackkiwi

config.status:1280: creating Makefile
config.status:1280: creating data/Makefile
config.status:1280: creating data/glkm.desktop
config.status:1280: creating po/Makefile.in
config.status:1280: creating src/Makefile
config.status:1280: creating config.h
config.status:1461: config.h is unchanged
config.status:1509: executing depfiles commands
config.status:1509: executing po-directories commands
config.status:1509: executing default-1 commands
config.status:1509: executing libtool commands
config.status:1509: executing po/stamp-it commands

## ---------------------- ##
## Running config.status. ##
## ---------------------- ##

This file was extended by GNOME LINUX Kernel Monitor config.status glkm_major_version.glkm_minor_version.glkm_micro_version, which was
generated by GNU Autoconf 2.69.  Invocation command line was

  CONFIG_FILES    = 
  CONFIG_HEADERS  = 
  CONFIG_LINKS    = 
  CONFIG_COMMANDS = 
  $ ./config.status config.h

on blackkiwi

config.status:1280: creating config.h
config.status:1461: config.h is unchanged
