This file contains any messages produced by compilers while
running configure, to aid debugging if configure makes a mistake.

It was created by GNOME LINUX Kernel Monitor Daemon configure glkmd_major_version.glkmd_minor_version.glkmd_micro_version, which was
generated by GNU Autoconf 2.69.  Invocation command line was

  $ ./configure --enable-debug-mode --no-create --no-recursion

## --------- ##
## Platform. ##
## --------- ##

hostname = blackkiwi
uname -m = x86_64
uname -r = 3.14-2-amd64
uname -s = Linux
uname -v = #1 SMP Debian 3.14.15-2 (2014-08-09)

/usr/bin/uname -p = unknown
/bin/uname -X     = unknown

/bin/arch              = unknown
/usr/bin/arch -k       = unknown
/usr/convex/getsysinfo = unknown
/usr/bin/hostinfo      = unknown
/bin/machine           = unknown
/usr/bin/oslevel       = unknown
/bin/universe          = unknown

PATH: /home/enrgar/perl5/bin
PATH: /home/enrgar/bin
PATH: /usr/local/bin
PATH: /usr/bin
PATH: /bin
PATH: /usr/local/games
PATH: /usr/games


## ----------- ##
## Core tests. ##
## ----------- ##

configure:2594: checking whether make supports nested variables
configure:2611: result: yes
configure:2683: checking for a BSD-compatible install
configure:2751: result: /usr/bin/install -c
configure:2762: checking whether build environment is sane
configure:2817: result: yes
configure:2968: checking for a thread-safe mkdir -p
configure:3007: result: /bin/mkdir -p
configure:3014: checking for gawk
configure:3030: found /usr/bin/gawk
configure:3041: result: gawk
configure:3052: checking whether make sets $(MAKE)
configure:3074: result: yes
configure:3222: checking for style of include used by make
configure:3250: result: GNU
configure:3321: checking for gcc
configure:3337: found /usr/bin/gcc
configure:3348: result: gcc
configure:3577: checking for C compiler version
configure:3586: gcc --version >&5
gcc (Debian 4.9.1-4) 4.9.1
Copyright (C) 2014 Free Software Foundation, Inc.
This is free software; see the source for copying conditions.  There is NO
warranty; not even for MERCHANTABILITY or FITNESS FOR A PARTICULAR PURPOSE.

configure:3597: $? = 0
configure:3586: gcc -v >&5
Using built-in specs.
COLLECT_GCC=gcc
COLLECT_LTO_WRAPPER=/usr/lib/gcc/x86_64-linux-gnu/4.9/lto-wrapper
Target: x86_64-linux-gnu
Configured with: ../src/configure -v --with-pkgversion='Debian 4.9.1-4' --with-bugurl=file:///usr/share/doc/gcc-4.9/README.Bugs --enable-languages=c,c++,java,go,d,fortran,objc,obj-c++ --prefix=/usr --program-suffix=-4.9 --enable-shared --enable-linker-build-id --libexecdir=/usr/lib --without-included-gettext --enable-threads=posix --with-gxx-include-dir=/usr/include/c++/4.9 --libdir=/usr/lib --enable-nls --with-sysroot=/ --enable-clocale=gnu --enable-libstdcxx-debug --enable-libstdcxx-time=yes --enable-gnu-unique-object --disable-vtable-verify --enable-plugin --with-system-zlib --disable-browser-plugin --enable-java-awt=gtk --enable-gtk-cairo --with-java-home=/usr/lib/jvm/java-1.5.0-gcj-4.9-amd64/jre --enable-java-home --with-jvm-root-dir=/usr/lib/jvm/java-1.5.0-gcj-4.9-amd64 --with-jvm-jar-dir=/usr/lib/jvm-exports/java-1.5.0-gcj-4.9-amd64 --with-arch-directory=amd64 --with-ecj-jar=/usr/share/java/eclipse-ecj.jar --enable-objc-gc --enable-multiarch --with-arch-32=i586 --with-abi=m64 --with-multilib-list=m32,m64,mx32 --enable-multilib --with-tune=generic --enable-checking=release --build=x86_64-linux-gnu --host=x86_64-linux-gnu --target=x86_64-linux-gnu
Thread model: posix
gcc version 4.9.1 (Debian 4.9.1-4) 
configure:3597: $? = 0
configure:3586: gcc -V >&5
gcc: error: unrecognized command line option '-V'
gcc: fatal error: no input files
compilation terminated.
configure:3597: $? = 4
configure:3586: gcc -qversion >&5
gcc: error: unrecognized command line option '-qversion'
gcc: fatal error: no input files
compilation terminated.
configure:3597: $? = 4
configure:3617: checking whether the C compiler works
configure:3639: gcc    conftest.c  >&5
configure:3643: $? = 0
configure:3691: result: yes
configure:3694: checking for C compiler default output file name
configure:3696: result: a.out
configure:3702: checking for suffix of executables
configure:3709: gcc -o conftest    conftest.c  >&5
configure:3713: $? = 0
configure:3735: result: 
configure:3757: checking whether we are cross compiling
configure:3765: gcc -o conftest    conftest.c  >&5
configure:3769: $? = 0
configure:3776: ./conftest
configure:3780: $? = 0
configure:3795: result: no
configure:3800: checking for suffix of object files
configure:3822: gcc -c   conftest.c >&5
configure:3826: $? = 0
configure:3847: result: o
configure:3851: checking whether we are using the GNU C compiler
configure:3870: gcc -c   conftest.c >&5
configure:3870: $? = 0
configure:3879: result: yes
configure:3888: checking whether gcc accepts -g
configure:3908: gcc -c -g  conftest.c >&5
configure:3908: $? = 0
configure:3949: result: yes
configure:3966: checking for gcc option to accept ISO C89
configure:4029: gcc  -c -g -O2  conftest.c >&5
configure:4029: $? = 0
configure:4042: result: none needed
configure:4067: checking whether gcc understands -c and -o together
configure:4089: gcc -c conftest.c -o conftest2.o
configure:4092: $? = 0
configure:4089: gcc -c conftest.c -o conftest2.o
configure:4092: $? = 0
configure:4104: result: yes
configure:4123: checking dependency style of gcc
configure:4234: result: gcc3
configure:4254: checking how to run the C preprocessor
configure:4285: gcc -E  conftest.c
configure:4285: $? = 0
configure:4299: gcc -E  conftest.c
conftest.c:11:28: fatal error: ac_nonexistent.h: No such file or directory
 #include <ac_nonexistent.h>
                            ^
compilation terminated.
configure:4299: $? = 1
configure: failed program was:
| /* confdefs.h */
| #define PACKAGE_NAME "GNOME LINUX Kernel Monitor Daemon"
| #define PACKAGE_TARNAME "glkmd"
| #define PACKAGE_VERSION "glkmd_major_version.glkmd_minor_version.glkmd_micro_version"
| #define PACKAGE_STRING "GNOME LINUX Kernel Monitor Daemon glkmd_major_version.glkmd_minor_version.glkmd_micro_version"
| #define PACKAGE_BUGREPORT "http://eldemonionegro.com/glkm/newticket"
| #define PACKAGE_URL ""
| #define PACKAGE "glkmd"
| #define VERSION "glkmd_major_version.glkmd_minor_version.glkmd_micro_version"
| /* end confdefs.h.  */
| #include <ac_nonexistent.h>
configure:4324: result: gcc -E
configure:4344: gcc -E  conftest.c
configure:4344: $? = 0
configure:4358: gcc -E  conftest.c
conftest.c:11:28: fatal error: ac_nonexistent.h: No such file or directory
 #include <ac_nonexistent.h>
                            ^
compilation terminated.
configure:4358: $? = 1
configure: failed program was:
| /* confdefs.h */
| #define PACKAGE_NAME "GNOME LINUX Kernel Monitor Daemon"
| #define PACKAGE_TARNAME "glkmd"
| #define PACKAGE_VERSION "glkmd_major_version.glkmd_minor_version.glkmd_micro_version"
| #define PACKAGE_STRING "GNOME LINUX Kernel Monitor Daemon glkmd_major_version.glkmd_minor_version.glkmd_micro_version"
| #define PACKAGE_BUGREPORT "http://eldemonionegro.com/glkm/newticket"
| #define PACKAGE_URL ""
| #define PACKAGE "glkmd"
| #define VERSION "glkmd_major_version.glkmd_minor_version.glkmd_micro_version"
| /* end confdefs.h.  */
| #include <ac_nonexistent.h>
configure:4434: checking for gcc
configure:4461: result: gcc
configure:4690: checking for C compiler version
configure:4699: gcc --version >&5
gcc (Debian 4.9.1-4) 4.9.1
Copyright (C) 2014 Free Software Foundation, Inc.
This is free software; see the source for copying conditions.  There is NO
warranty; not even for MERCHANTABILITY or FITNESS FOR A PARTICULAR PURPOSE.

configure:4710: $? = 0
configure:4699: gcc -v >&5
Using built-in specs.
COLLECT_GCC=gcc
COLLECT_LTO_WRAPPER=/usr/lib/gcc/x86_64-linux-gnu/4.9/lto-wrapper
Target: x86_64-linux-gnu
Configured with: ../src/configure -v --with-pkgversion='Debian 4.9.1-4' --with-bugurl=file:///usr/share/doc/gcc-4.9/README.Bugs --enable-languages=c,c++,java,go,d,fortran,objc,obj-c++ --prefix=/usr --program-suffix=-4.9 --enable-shared --enable-linker-build-id --libexecdir=/usr/lib --without-included-gettext --enable-threads=posix --with-gxx-include-dir=/usr/include/c++/4.9 --libdir=/usr/lib --enable-nls --with-sysroot=/ --enable-clocale=gnu --enable-libstdcxx-debug --enable-libstdcxx-time=yes --enable-gnu-unique-object --disable-vtable-verify --enable-plugin --with-system-zlib --disable-browser-plugin --enable-java-awt=gtk --enable-gtk-cairo --with-java-home=/usr/lib/jvm/java-1.5.0-gcj-4.9-amd64/jre --enable-java-home --with-jvm-root-dir=/usr/lib/jvm/java-1.5.0-gcj-4.9-amd64 --with-jvm-jar-dir=/usr/lib/jvm-exports/java-1.5.0-gcj-4.9-amd64 --with-arch-directory=amd64 --with-ecj-jar=/usr/share/java/eclipse-ecj.jar --enable-objc-gc --enable-multiarch --with-arch-32=i586 --with-abi=m64 --with-multilib-list=m32,m64,mx32 --enable-multilib --with-tune=generic --enable-checking=release --build=x86_64-linux-gnu --host=x86_64-linux-gnu --target=x86_64-linux-gnu
Thread model: posix
gcc version 4.9.1 (Debian 4.9.1-4) 
configure:4710: $? = 0
configure:4699: gcc -V >&5
gcc: error: unrecognized command line option '-V'
gcc: fatal error: no input files
compilation terminated.
configure:4710: $? = 4
configure:4699: gcc -qversion >&5
gcc: error: unrecognized command line option '-qversion'
gcc: fatal error: no input files
compilation terminated.
configure:4710: $? = 4
configure:4714: checking whether we are using the GNU C compiler
configure:4742: result: yes
configure:4751: checking whether gcc accepts -g
configure:4812: result: yes
configure:4829: checking for gcc option to accept ISO C89
configure:4905: result: none needed
configure:4930: checking whether gcc understands -c and -o together
configure:4967: result: yes
configure:4986: checking dependency style of gcc
configure:5097: result: gcc3
configure:5119: checking for gcc option to accept ISO C99
configure:5268: gcc  -c   conftest.c >&5
conftest.c:61:29: error: expected ';', ',' or ')' before 'text'
 test_restrict (ccp restrict text)
                             ^
conftest.c: In function 'main':
conftest.c:115:18: error: expected '=', ',', ';', 'asm' or '__attribute__' before 'newvar'
   char *restrict newvar = "Another string";
                  ^
conftest.c:115:18: error: 'newvar' undeclared (first use in this function)
conftest.c:115:18: note: each undeclared identifier is reported only once for each function it appears in
conftest.c:125:3: error: 'for' loop initial declarations are only allowed in C99 or C11 mode
   for (int i = 0; i < ia->datasize; ++i)
   ^
conftest.c:125:3: note: use option -std=c99, -std=gnu99, -std=c11 or -std=gnu11 to compile your code
configure:5268: $? = 1
configure: failed program was:
| /* confdefs.h */
| #define PACKAGE_NAME "GNOME LINUX Kernel Monitor Daemon"
| #define PACKAGE_TARNAME "glkmd"
| #define PACKAGE_VERSION "glkmd_major_version.glkmd_minor_version.glkmd_micro_version"
| #define PACKAGE_STRING "GNOME LINUX Kernel Monitor Daemon glkmd_major_version.glkmd_minor_version.glkmd_micro_version"
| #define PACKAGE_BUGREPORT "http://eldemonionegro.com/glkm/newticket"
| #define PACKAGE_URL ""
| #define PACKAGE "glkmd"
| #define VERSION "glkmd_major_version.glkmd_minor_version.glkmd_micro_version"
| /* end confdefs.h.  */
| #include <stdarg.h>
| #include <stdbool.h>
| #include <stdlib.h>
| #include <wchar.h>
| #include <stdio.h>
| 
| // Check varargs macros.  These examples are taken from C99 6.10.3.5.
| #define debug(...) fprintf (stderr, __VA_ARGS__)
| #define showlist(...) puts (#__VA_ARGS__)
| #define report(test,...) ((test) ? puts (#test) : printf (__VA_ARGS__))
| static void
| test_varargs_macros (void)
| {
|   int x = 1234;
|   int y = 5678;
|   debug ("Flag");
|   debug ("X = %d\n", x);
|   showlist (The first, second, and third items.);
|   report (x>y, "x is %d but y is %d", x, y);
| }
| 
| // Check long long types.
| #define BIG64 18446744073709551615ull
| #define BIG32 4294967295ul
| #define BIG_OK (BIG64 / BIG32 == 4294967297ull && BIG64 % BIG32 == 0)
| #if !BIG_OK
|   your preprocessor is broken;
| #endif
| #if BIG_OK
| #else
|   your preprocessor is broken;
| #endif
| static long long int bignum = -9223372036854775807LL;
| static unsigned long long int ubignum = BIG64;
| 
| struct incomplete_array
| {
|   int datasize;
|   double data[];
| };
| 
| struct named_init {
|   int number;
|   const wchar_t *name;
|   double average;
| };
| 
| typedef const char *ccp;
| 
| static inline int
| test_restrict (ccp restrict text)
| {
|   // See if C++-style comments work.
|   // Iterate through items via the restricted pointer.
|   // Also check for declarations in for loops.
|   for (unsigned int i = 0; *(text+i) != '\0'; ++i)
|     continue;
|   return 0;
| }
| 
| // Check varargs and va_copy.
| static void
| test_varargs (const char *format, ...)
| {
|   va_list args;
|   va_start (args, format);
|   va_list args_copy;
|   va_copy (args_copy, args);
| 
|   const char *str;
|   int number;
|   float fnumber;
| 
|   while (*format)
|     {
|       switch (*format++)
| 	{
| 	case 's': // string
| 	  str = va_arg (args_copy, const char *);
| 	  break;
| 	case 'd': // int
| 	  number = va_arg (args_copy, int);
| 	  break;
| 	case 'f': // float
| 	  fnumber = va_arg (args_copy, double);
| 	  break;
| 	default:
| 	  break;
| 	}
|     }
|   va_end (args_copy);
|   va_end (args);
| }
| 
| int
| main ()
| {
| 
|   // Check bool.
|   _Bool success = false;
| 
|   // Check restrict.
|   if (test_restrict ("String literal") == 0)
|     success = true;
|   char *restrict newvar = "Another string";
| 
|   // Check varargs.
|   test_varargs ("s, d' f .", "string", 65, 34.234);
|   test_varargs_macros ();
| 
|   // Check flexible array members.
|   struct incomplete_array *ia =
|     malloc (sizeof (struct incomplete_array) + (sizeof (double) * 10));
|   ia->datasize = 10;
|   for (int i = 0; i < ia->datasize; ++i)
|     ia->data[i] = i * 1.234;
| 
|   // Check named initializers.
|   struct named_init ni = {
|     .number = 34,
|     .name = L"Test wide string",
|     .average = 543.34343,
|   };
| 
|   ni.number = 58;
| 
|   int dynamic_array[ni.number];
|   dynamic_array[ni.number - 1] = 543;
| 
|   // work around unused variable warnings
|   return (!success || bignum == 0LL || ubignum == 0uLL || newvar[0] == 'x'
| 	  || dynamic_array[ni.number - 1] != 543);
| 
|   ;
|   return 0;
| }
configure:5268: gcc -std=gnu99 -c   conftest.c >&5
configure:5268: $? = 0
configure:5288: result: -std=gnu99
configure:5389: checking for gcc -std=gnu99 option to accept ISO Standard C
configure:5403: result: -std=gnu99
configure:5476: checking for g++
configure:5492: found /usr/bin/g++
configure:5503: result: g++
configure:5530: checking for C++ compiler version
configure:5539: g++ --version >&5
g++ (Debian 4.9.1-4) 4.9.1
Copyright (C) 2014 Free Software Foundation, Inc.
This is free software; see the source for copying conditions.  There is NO
warranty; not even for MERCHANTABILITY or FITNESS FOR A PARTICULAR PURPOSE.

configure:5550: $? = 0
configure:5539: g++ -v >&5
Using built-in specs.
COLLECT_GCC=g++
COLLECT_LTO_WRAPPER=/usr/lib/gcc/x86_64-linux-gnu/4.9/lto-wrapper
Target: x86_64-linux-gnu
Configured with: ../src/configure -v --with-pkgversion='Debian 4.9.1-4' --with-bugurl=file:///usr/share/doc/gcc-4.9/README.Bugs --enable-languages=c,c++,java,go,d,fortran,objc,obj-c++ --prefix=/usr --program-suffix=-4.9 --enable-shared --enable-linker-build-id --libexecdir=/usr/lib --without-included-gettext --enable-threads=posix --with-gxx-include-dir=/usr/include/c++/4.9 --libdir=/usr/lib --enable-nls --with-sysroot=/ --enable-clocale=gnu --enable-libstdcxx-debug --enable-libstdcxx-time=yes --enable-gnu-unique-object --disable-vtable-verify --enable-plugin --with-system-zlib --disable-browser-plugin --enable-java-awt=gtk --enable-gtk-cairo --with-java-home=/usr/lib/jvm/java-1.5.0-gcj-4.9-amd64/jre --enable-java-home --with-jvm-root-dir=/usr/lib/jvm/java-1.5.0-gcj-4.9-amd64 --with-jvm-jar-dir=/usr/lib/jvm-exports/java-1.5.0-gcj-4.9-amd64 --with-arch-directory=amd64 --with-ecj-jar=/usr/share/java/eclipse-ecj.jar --enable-objc-gc --enable-multiarch --with-arch-32=i586 --with-abi=m64 --with-multilib-list=m32,m64,mx32 --enable-multilib --with-tune=generic --enable-checking=release --build=x86_64-linux-gnu --host=x86_64-linux-gnu --target=x86_64-linux-gnu
Thread model: posix
gcc version 4.9.1 (Debian 4.9.1-4) 
configure:5550: $? = 0
configure:5539: g++ -V >&5
g++: error: unrecognized command line option '-V'
g++: fatal error: no input files
compilation terminated.
configure:5550: $? = 4
configure:5539: g++ -qversion >&5
g++: error: unrecognized command line option '-qversion'
g++: fatal error: no input files
compilation terminated.
configure:5550: $? = 4
configure:5554: checking whether we are using the GNU C++ compiler
configure:5573: g++ -c   conftest.cpp >&5
configure:5573: $? = 0
configure:5582: result: yes
configure:5591: checking whether g++ accepts -g
configure:5611: g++ -c -g  conftest.cpp >&5
configure:5611: $? = 0
configure:5652: result: yes
configure:5677: checking dependency style of g++
configure:5788: result: gcc3
configure:5808: checking how to run the C++ preprocessor
configure:5835: g++ -E  conftest.cpp
configure:5835: $? = 0
configure:5849: g++ -E  conftest.cpp
conftest.cpp:11:28: fatal error: ac_nonexistent.h: No such file or directory
 #include <ac_nonexistent.h>
                            ^
compilation terminated.
configure:5849: $? = 1
configure: failed program was:
| /* confdefs.h */
| #define PACKAGE_NAME "GNOME LINUX Kernel Monitor Daemon"
| #define PACKAGE_TARNAME "glkmd"
| #define PACKAGE_VERSION "glkmd_major_version.glkmd_minor_version.glkmd_micro_version"
| #define PACKAGE_STRING "GNOME LINUX Kernel Monitor Daemon glkmd_major_version.glkmd_minor_version.glkmd_micro_version"
| #define PACKAGE_BUGREPORT "http://eldemonionegro.com/glkm/newticket"
| #define PACKAGE_URL ""
| #define PACKAGE "glkmd"
| #define VERSION "glkmd_major_version.glkmd_minor_version.glkmd_micro_version"
| /* end confdefs.h.  */
| #include <ac_nonexistent.h>
configure:5874: result: g++ -E
configure:5894: g++ -E  conftest.cpp
configure:5894: $? = 0
configure:5908: g++ -E  conftest.cpp
conftest.cpp:11:28: fatal error: ac_nonexistent.h: No such file or directory
 #include <ac_nonexistent.h>
                            ^
compilation terminated.
configure:5908: $? = 1
configure: failed program was:
| /* confdefs.h */
| #define PACKAGE_NAME "GNOME LINUX Kernel Monitor Daemon"
| #define PACKAGE_TARNAME "glkmd"
| #define PACKAGE_VERSION "glkmd_major_version.glkmd_minor_version.glkmd_micro_version"
| #define PACKAGE_STRING "GNOME LINUX Kernel Monitor Daemon glkmd_major_version.glkmd_minor_version.glkmd_micro_version"
| #define PACKAGE_BUGREPORT "http://eldemonionegro.com/glkm/newticket"
| #define PACKAGE_URL ""
| #define PACKAGE "glkmd"
| #define VERSION "glkmd_major_version.glkmd_minor_version.glkmd_micro_version"
| /* end confdefs.h.  */
| #include <ac_nonexistent.h>
configure:6048: checking for C++ compiler version
configure:6057: g++ --version >&5
g++ (Debian 4.9.1-4) 4.9.1
Copyright (C) 2014 Free Software Foundation, Inc.
This is free software; see the source for copying conditions.  There is NO
warranty; not even for MERCHANTABILITY or FITNESS FOR A PARTICULAR PURPOSE.

configure:6068: $? = 0
configure:6057: g++ -v >&5
Using built-in specs.
COLLECT_GCC=g++
COLLECT_LTO_WRAPPER=/usr/lib/gcc/x86_64-linux-gnu/4.9/lto-wrapper
Target: x86_64-linux-gnu
Configured with: ../src/configure -v --with-pkgversion='Debian 4.9.1-4' --with-bugurl=file:///usr/share/doc/gcc-4.9/README.Bugs --enable-languages=c,c++,java,go,d,fortran,objc,obj-c++ --prefix=/usr --program-suffix=-4.9 --enable-shared --enable-linker-build-id --libexecdir=/usr/lib --without-included-gettext --enable-threads=posix --with-gxx-include-dir=/usr/include/c++/4.9 --libdir=/usr/lib --enable-nls --with-sysroot=/ --enable-clocale=gnu --enable-libstdcxx-debug --enable-libstdcxx-time=yes --enable-gnu-unique-object --disable-vtable-verify --enable-plugin --with-system-zlib --disable-browser-plugin --enable-java-awt=gtk --enable-gtk-cairo --with-java-home=/usr/lib/jvm/java-1.5.0-gcj-4.9-amd64/jre --enable-java-home --with-jvm-root-dir=/usr/lib/jvm/java-1.5.0-gcj-4.9-amd64 --with-jvm-jar-dir=/usr/lib/jvm-exports/java-1.5.0-gcj-4.9-amd64 --with-arch-directory=amd64 --with-ecj-jar=/usr/share/java/eclipse-ecj.jar --enable-objc-gc --enable-multiarch --with-arch-32=i586 --with-abi=m64 --with-multilib-list=m32,m64,mx32 --enable-multilib --with-tune=generic --enable-checking=release --build=x86_64-linux-gnu --host=x86_64-linux-gnu --target=x86_64-linux-gnu
Thread model: posix
gcc version 4.9.1 (Debian 4.9.1-4) 
configure:6068: $? = 0
configure:6057: g++ -V >&5
g++: error: unrecognized command line option '-V'
g++: fatal error: no input files
compilation terminated.
configure:6068: $? = 4
configure:6057: g++ -qversion >&5
g++: error: unrecognized command line option '-qversion'
g++: fatal error: no input files
compilation terminated.
configure:6068: $? = 4
configure:6072: checking whether we are using the GNU C++ compiler
configure:6100: result: yes
configure:6109: checking whether g++ accepts -g
configure:6170: result: yes
configure:6195: checking dependency style of g++
configure:6306: result: gcc3
configure:6333: checking for pkg-config
configure:6351: found /usr/bin/pkg-config
configure:6364: result: /usr/bin/pkg-config
configure:6382: checking whether NLS is requested
configure:6391: result: yes
configure:6410: checking for intltool >= 0.35.0
configure:6412: result: 0.50.2 found
configure:6420: checking for intltool-update
configure:6438: found /usr/bin/intltool-update
configure:6450: result: /usr/bin/intltool-update
configure:6460: checking for intltool-merge
configure:6478: found /usr/bin/intltool-merge
configure:6490: result: /usr/bin/intltool-merge
configure:6500: checking for intltool-extract
configure:6518: found /usr/bin/intltool-extract
configure:6530: result: /usr/bin/intltool-extract
configure:6684: checking for xgettext
configure:6702: found /usr/bin/xgettext
configure:6714: result: /usr/bin/xgettext
configure:6724: checking for msgmerge
configure:6742: found /usr/bin/msgmerge
configure:6754: result: /usr/bin/msgmerge
configure:6764: checking for msgfmt
configure:6782: found /usr/bin/msgfmt
configure:6794: result: /usr/bin/msgfmt
configure:6804: checking for gmsgfmt
configure:6835: result: /usr/bin/msgfmt
configure:6855: checking for perl
configure:6873: found /usr/bin/perl
configure:6885: result: /usr/bin/perl
configure:6896: checking for perl >= 5.8.1
configure:6903: result: 5.18.2
configure:6907: checking for XML::Parser
configure:6910: result: ok
configure:6935: g++ -o conftest    conftest.cpp  >&5
configure:6935: $? = 0
configure:6961: checking for a sed that does not truncate output
configure:7025: result: /bin/sed
configure:7066: checking for msgfmt
configure:7098: result: /usr/bin/msgfmt
configure:7107: checking for gmsgfmt
configure:7138: result: /usr/bin/msgfmt
configure:7188: checking for xgettext
configure:7220: result: /usr/bin/xgettext
configure:7265: checking for msgmerge
configure:7296: result: /usr/bin/msgmerge
configure:7322: checking for grep that handles long lines and -e
configure:7380: result: /bin/grep
configure:7385: checking for egrep
configure:7447: result: /bin/grep -E
configure:7452: checking for ANSI C header files
configure:7472: g++ -c   conftest.cpp >&5
configure:7472: $? = 0
configure:7545: g++ -o conftest    conftest.cpp  >&5
configure:7545: $? = 0
configure:7545: ./conftest
configure:7545: $? = 0
configure:7556: result: yes
configure:7569: checking for sys/types.h
configure:7569: g++ -c   conftest.cpp >&5
configure:7569: $? = 0
configure:7569: result: yes
configure:7569: checking for sys/stat.h
configure:7569: g++ -c   conftest.cpp >&5
configure:7569: $? = 0
configure:7569: result: yes
configure:7569: checking for stdlib.h
configure:7569: g++ -c   conftest.cpp >&5
configure:7569: $? = 0
configure:7569: result: yes
configure:7569: checking for string.h
configure:7569: g++ -c   conftest.cpp >&5
configure:7569: $? = 0
configure:7569: result: yes
configure:7569: checking for memory.h
configure:7569: g++ -c   conftest.cpp >&5
configure:7569: $? = 0
configure:7569: result: yes
configure:7569: checking for strings.h
configure:7569: g++ -c   conftest.cpp >&5
configure:7569: $? = 0
configure:7569: result: yes
configure:7569: checking for inttypes.h
configure:7569: g++ -c   conftest.cpp >&5
configure:7569: $? = 0
configure:7569: result: yes
configure:7569: checking for stdint.h
configure:7569: g++ -c   conftest.cpp >&5
configure:7569: $? = 0
configure:7569: result: yes
configure:7569: checking for unistd.h
configure:7569: g++ -c   conftest.cpp >&5
configure:7569: $? = 0
configure:7569: result: yes
configure:7584: checking locale.h usability
configure:7584: g++ -c   conftest.cpp >&5
configure:7584: $? = 0
configure:7584: result: yes
configure:7584: checking locale.h presence
configure:7584: g++ -E  conftest.cpp
configure:7584: $? = 0
configure:7584: result: yes
configure:7584: checking for locale.h
configure:7584: result: yes
configure:7595: checking for LC_MESSAGES
configure:7611: g++ -o conftest    conftest.cpp  >&5
configure:7611: $? = 0
configure:7619: result: yes
configure:7636: checking libintl.h usability
configure:7636: g++ -c   conftest.cpp >&5
configure:7636: $? = 0
configure:7636: result: yes
configure:7636: checking libintl.h presence
configure:7636: g++ -E  conftest.cpp
configure:7636: $? = 0
configure:7636: result: yes
configure:7636: checking for libintl.h
configure:7636: result: yes
configure:7644: checking for ngettext in libc
configure:7662: g++ -o conftest    conftest.cpp  >&5
configure:7662: $? = 0
configure:7671: result: yes
configure:7675: checking for dgettext in libc
configure:7693: g++ -o conftest    conftest.cpp  >&5
configure:7693: $? = 0
configure:7702: result: yes
configure:7709: checking for bind_textdomain_codeset
configure:7709: g++ -o conftest    conftest.cpp  >&5
configure:7709: $? = 0
configure:7709: result: yes
configure:7985: checking for msgfmt
configure:8012: result: /usr/bin/msgfmt
configure:8023: checking for dcgettext
configure:8023: g++ -o conftest    conftest.cpp   >&5
configure:8023: $? = 0
configure:8023: result: yes
configure:8033: checking if msgfmt accepts -c
configure:8048: $MSGFMT -c -o /dev/null conftest.foo
conftest.foo:3: warning: header field 'Language' missing in header
configure:8051: $? = 0
configure:8053: result: yes
configure:8063: checking for gmsgfmt
configure:8094: result: /usr/bin/msgfmt
configure:8104: checking for xgettext
configure:8131: result: /usr/bin/xgettext
configure:8150: g++ -o conftest    conftest.cpp   >&5
configure:8150: $? = 0
configure:8296: checking for library containing strerror
configure:8327: g++ -o conftest    conftest.cpp  >&5
configure:8327: $? = 0
configure:8344: result: none required
configure:8407: checking for pkg-config
configure:8425: found /usr/bin/pkg-config
configure:8437: result: /usr/bin/pkg-config
configure:8462: checking pkg-config is at least version 0.9.0
configure:8465: result: yes
configure:8475: checking for LIBOMNIORB
configure:8482: $PKG_CONFIG --exists --print-errors "omniORB4 >= OMNIORB_REQUIRED omniConnectionMgmt4 omniDynamic4"
configure:8485: $? = 0
configure:8499: $PKG_CONFIG --exists --print-errors "omniORB4 >= OMNIORB_REQUIRED omniConnectionMgmt4 omniDynamic4"
configure:8502: $? = 0
configure:8560: result: yes
configure:8569: checking for LIBNETLINK
configure:8576: $PKG_CONFIG --exists --print-errors "libnl-3.0 >= LIBNETLINK_REQUIRED"
configure:8579: $? = 0
configure:8593: $PKG_CONFIG --exists --print-errors "libnl-3.0 >= LIBNETLINK_REQUIRED"
configure:8596: $? = 0
configure:8654: result: yes
configure:8669: checking for ANSI C header files
configure:8773: result: yes
configure:8781: checking for stdbool.h that conforms to C99
configure:8848: g++ -c   conftest.cpp >&5
configure:8848: $? = 0
configure:8855: result: yes
configure:8857: checking for _Bool
configure:8857: g++ -c   conftest.cpp >&5
conftest.cpp: In function 'int main()':
conftest.cpp:65:13: error: '_Bool' was not declared in this scope
 if (sizeof (_Bool))
             ^
configure:8857: $? = 1
configure: failed program was:
| /* confdefs.h */
| #define PACKAGE_NAME "GNOME LINUX Kernel Monitor Daemon"
| #define PACKAGE_TARNAME "glkmd"
| #define PACKAGE_VERSION "glkmd_major_version.glkmd_minor_version.glkmd_micro_version"
| #define PACKAGE_STRING "GNOME LINUX Kernel Monitor Daemon glkmd_major_version.glkmd_minor_version.glkmd_micro_version"
| #define PACKAGE_BUGREPORT "http://eldemonionegro.com/glkm/newticket"
| #define PACKAGE_URL ""
| #define PACKAGE "glkmd"
| #define VERSION "glkmd_major_version.glkmd_minor_version.glkmd_micro_version"
| #define GETTEXT_PACKAGE "glkm_daemon"
| #define STDC_HEADERS 1
| #define HAVE_SYS_TYPES_H 1
| #define HAVE_SYS_STAT_H 1
| #define HAVE_STDLIB_H 1
| #define HAVE_STRING_H 1
| #define HAVE_MEMORY_H 1
| #define HAVE_STRINGS_H 1
| #define HAVE_INTTYPES_H 1
| #define HAVE_STDINT_H 1
| #define HAVE_UNISTD_H 1
| #define HAVE_LOCALE_H 1
| #define HAVE_LC_MESSAGES 1
| #define HAVE_BIND_TEXTDOMAIN_CODESET 1
| #define HAVE_GETTEXT 1
| #define HAVE_DCGETTEXT 1
| #define ENABLE_NLS 1
| #define STDC_HEADERS 1
| /* end confdefs.h.  */
| #include <stdio.h>
| #ifdef HAVE_SYS_TYPES_H
| # include <sys/types.h>
| #endif
| #ifdef HAVE_SYS_STAT_H
| # include <sys/stat.h>
| #endif
| #ifdef STDC_HEADERS
| # include <stdlib.h>
| # include <stddef.h>
| #else
| # ifdef HAVE_STDLIB_H
| #  include <stdlib.h>
| # endif
| #endif
| #ifdef HAVE_STRING_H
| # if !defined STDC_HEADERS && defined HAVE_MEMORY_H
| #  include <memory.h>
| # endif
| # include <string.h>
| #endif
| #ifdef HAVE_STRINGS_H
| # include <strings.h>
| #endif
| #ifdef HAVE_INTTYPES_H
| # include <inttypes.h>
| #endif
| #ifdef HAVE_STDINT_H
| # include <stdint.h>
| #endif
| #ifdef HAVE_UNISTD_H
| # include <unistd.h>
| #endif
| int
| main ()
| {
| if (sizeof (_Bool))
| 	 return 0;
|   ;
|   return 0;
| }
configure:8857: result: no
configure:8913: checking build system type
configure:8927: result: x86_64-unknown-linux-gnu
configure:8947: checking host system type
configure:8960: result: x86_64-unknown-linux-gnu
configure:9001: checking how to print strings
configure:9028: result: printf
configure:9049: checking for a sed that does not truncate output
configure:9113: result: /bin/sed
configure:9131: checking for fgrep
configure:9193: result: /bin/grep -F
configure:9228: checking for ld used by gcc -std=gnu99
configure:9295: result: /usr/bin/ld
configure:9302: checking if the linker (/usr/bin/ld) is GNU ld
configure:9317: result: yes
configure:9329: checking for BSD- or MS-compatible name lister (nm)
configure:9378: result: /usr/bin/nm -B
configure:9508: checking the name lister (/usr/bin/nm -B) interface
configure:9515: g++ -c   conftest.cpp >&5
configure:9518: /usr/bin/nm -B "conftest.o"
configure:9521: output
0000000000000000 B some_variable
configure:9528: result: BSD nm
configure:9531: checking whether ln -s works
configure:9535: result: yes
configure:9543: checking the maximum length of command line arguments
configure:9674: result: 1572864
configure:9691: checking whether the shell understands some XSI constructs
configure:9701: result: yes
configure:9705: checking whether the shell understands "+="
configure:9711: result: yes
configure:9746: checking how to convert x86_64-unknown-linux-gnu file names to x86_64-unknown-linux-gnu format
configure:9786: result: func_convert_file_noop
configure:9793: checking how to convert x86_64-unknown-linux-gnu file names to toolchain format
configure:9813: result: func_convert_file_noop
configure:9820: checking for /usr/bin/ld option to reload object files
configure:9827: result: -r
configure:9901: checking for objdump
configure:9917: found /usr/bin/objdump
configure:9928: result: objdump
configure:9960: checking how to recognize dependent libraries
configure:10158: result: pass_all
configure:10243: checking for dlltool
configure:10273: result: no
configure:10303: checking how to associate runtime and link libraries
configure:10330: result: printf %s\n
configure:10390: checking for ar
configure:10406: found /usr/bin/ar
configure:10417: result: ar
configure:10454: checking for archiver @FILE support
configure:10471: g++ -c   conftest.cpp >&5
configure:10471: $? = 0
configure:10474: ar cru libconftest.a @conftest.lst >&5
configure:10477: $? = 0
configure:10482: ar cru libconftest.a @conftest.lst >&5
ar: conftest.o: No such file or directory
configure:10485: $? = 1
configure:10497: result: @
configure:10555: checking for strip
configure:10571: found /usr/bin/strip
configure:10582: result: strip
configure:10654: checking for ranlib
configure:10670: found /usr/bin/ranlib
configure:10681: result: ranlib
configure:10783: checking command to parse /usr/bin/nm -B output from gcc -std=gnu99 object
configure:10903: g++ -c   conftest.cpp >&5
configure:10906: $? = 0
configure:10910: /usr/bin/nm -B conftest.o \| sed -n -e 's/^.*[ ]\([ABCDGIRSTW][ABCDGIRSTW]*\)[ ][ ]*\([_A-Za-z][_A-Za-z0-9]*\)$/\1 \2 \2/p' | sed '/ __gnu_lto/d' \> conftest.nm
configure:10913: $? = 0
configure:10979: g++ -o conftest    conftest.cpp conftstm.o >&5
configure:10982: $? = 0
configure:11020: result: ok
configure:11057: checking for sysroot
configure:11087: result: no
configure:11165: g++ -c   conftest.cpp >&5
configure:11168: $? = 0
configure:11357: checking for mt
configure:11373: found /bin/mt
configure:11384: result: mt
configure:11407: checking if mt is a manifest tool
configure:11413: mt '-?'
configure:11421: result: no
configure:12060: checking for dlfcn.h
configure:12060: g++ -c   conftest.cpp >&5
configure:12060: $? = 0
configure:12060: result: yes
configure:12276: checking for objdir
configure:12291: result: .libs
configure:12562: checking if gcc -std=gnu99 supports -fno-rtti -fno-exceptions
configure:12580: gcc -std=gnu99 -c   -fno-rtti -fno-exceptions conftest.c >&5
cc1: warning: command line option '-fno-rtti' is valid for C++/ObjC++ but not for C
configure:12584: $? = 0
configure:12597: result: no
configure:12924: checking for gcc -std=gnu99 option to produce PIC
configure:12931: result: -fPIC -DPIC
configure:12939: checking if gcc -std=gnu99 PIC flag -fPIC -DPIC works
configure:12957: gcc -std=gnu99 -c   -fPIC -DPIC -DPIC conftest.c >&5
configure:12961: $? = 0
configure:12974: result: yes
configure:13003: checking if gcc -std=gnu99 static flag -static works
configure:13031: result: yes
configure:13046: checking if gcc -std=gnu99 supports -c -o file.o
configure:13067: gcc -std=gnu99 -c   -o out/conftest2.o conftest.c >&5
configure:13071: $? = 0
configure:13093: result: yes
configure:13101: checking if gcc -std=gnu99 supports -c -o file.o
configure:13148: result: yes
configure:13181: checking whether the gcc -std=gnu99 linker (/usr/bin/ld -m elf_x86_64) supports shared libraries
configure:14338: result: yes
configure:14375: checking whether -lc should be explicitly linked in
configure:14383: gcc -std=gnu99 -c   conftest.c >&5
configure:14386: $? = 0
configure:14401: gcc -std=gnu99 -shared  -fPIC -DPIC conftest.o  -v -Wl,-soname -Wl,conftest -o conftest 2\>\&1 \| /bin/grep  -lc  \>/dev/null 2\>\&1
configure:14404: $? = 0
configure:14418: result: no
configure:14578: checking dynamic linker characteristics
configure:15078: gcc -std=gnu99 -o conftest    -Wl,-rpath -Wl,/foo conftest.c  >&5
configure:15078: $? = 0
configure:15312: result: GNU/Linux ld.so
configure:15419: checking how to hardcode library paths into programs
configure:15444: result: immediate
configure:15984: checking whether stripping libraries is possible
configure:15989: result: yes
configure:16024: checking if libtool supports shared libraries
configure:16026: result: yes
configure:16029: checking whether to build shared libraries
configure:16050: result: yes
configure:16053: checking whether to build static libraries
configure:16057: result: yes
configure:16080: checking how to run the C++ preprocessor
configure:16146: result: g++ -E
configure:16166: g++ -E  conftest.cpp
configure:16166: $? = 0
configure:16180: g++ -E  conftest.cpp
conftest.cpp:32:28: fatal error: ac_nonexistent.h: No such file or directory
 #include <ac_nonexistent.h>
                            ^
compilation terminated.
configure:16180: $? = 1
configure: failed program was:
| /* confdefs.h */
| #define PACKAGE_NAME "GNOME LINUX Kernel Monitor Daemon"
| #define PACKAGE_TARNAME "glkmd"
| #define PACKAGE_VERSION "glkmd_major_version.glkmd_minor_version.glkmd_micro_version"
| #define PACKAGE_STRING "GNOME LINUX Kernel Monitor Daemon glkmd_major_version.glkmd_minor_version.glkmd_micro_version"
| #define PACKAGE_BUGREPORT "http://eldemonionegro.com/glkm/newticket"
| #define PACKAGE_URL ""
| #define PACKAGE "glkmd"
| #define VERSION "glkmd_major_version.glkmd_minor_version.glkmd_micro_version"
| #define GETTEXT_PACKAGE "glkm_daemon"
| #define STDC_HEADERS 1
| #define HAVE_SYS_TYPES_H 1
| #define HAVE_SYS_STAT_H 1
| #define HAVE_STDLIB_H 1
| #define HAVE_STRING_H 1
| #define HAVE_MEMORY_H 1
| #define HAVE_STRINGS_H 1
| #define HAVE_INTTYPES_H 1
| #define HAVE_STDINT_H 1
| #define HAVE_UNISTD_H 1
| #define HAVE_LOCALE_H 1
| #define HAVE_LC_MESSAGES 1
| #define HAVE_BIND_TEXTDOMAIN_CODESET 1
| #define HAVE_GETTEXT 1
| #define HAVE_DCGETTEXT 1
| #define ENABLE_NLS 1
| #define STDC_HEADERS 1
| #define HAVE_STDBOOL_H 1
| #define HAVE_DLFCN_H 1
| #define LT_OBJDIR ".libs/"
| /* end confdefs.h.  */
| #include <ac_nonexistent.h>
configure:16349: checking for ld used by g++
configure:16416: result: /usr/bin/ld -m elf_x86_64
configure:16423: checking if the linker (/usr/bin/ld -m elf_x86_64) is GNU ld
configure:16438: result: yes
configure:16493: checking whether the g++ linker (/usr/bin/ld -m elf_x86_64) supports shared libraries
configure:17495: result: yes
configure:17531: g++ -c   conftest.cpp >&5
configure:17534: $? = 0
configure:18054: checking for g++ option to produce PIC
configure:18061: result: -fPIC -DPIC
configure:18069: checking if g++ PIC flag -fPIC -DPIC works
configure:18087: g++ -c   -fPIC -DPIC -DPIC conftest.cpp >&5
configure:18091: $? = 0
configure:18104: result: yes
configure:18127: checking if g++ static flag -static works
configure:18155: result: yes
configure:18167: checking if g++ supports -c -o file.o
configure:18188: g++ -c   -o out/conftest2.o conftest.cpp >&5
configure:18192: $? = 0
configure:18214: result: yes
configure:18219: checking if g++ supports -c -o file.o
configure:18266: result: yes
configure:18296: checking whether the g++ linker (/usr/bin/ld -m elf_x86_64) supports shared libraries
configure:18335: result: yes
configure:18476: checking dynamic linker characteristics
configure:19144: result: GNU/Linux ld.so
configure:19197: checking how to hardcode library paths into programs
configure:19222: result: immediate
configure:19293: checking whether to compile or not with DEBUG settings
configure:19297: result: yes
configure:19322: checking for size_t
configure:19322: g++ -c   conftest.cpp >&5
configure:19322: $? = 0
configure:19322: g++ -c   conftest.cpp >&5
conftest.cpp: In function 'int main()':
conftest.cpp:69:20: error: expected primary-expression before ')' token
 if (sizeof ((size_t)))
                    ^
configure:19322: $? = 1
configure: failed program was:
| /* confdefs.h */
| #define PACKAGE_NAME "GNOME LINUX Kernel Monitor Daemon"
| #define PACKAGE_TARNAME "glkmd"
| #define PACKAGE_VERSION "glkmd_major_version.glkmd_minor_version.glkmd_micro_version"
| #define PACKAGE_STRING "GNOME LINUX Kernel Monitor Daemon glkmd_major_version.glkmd_minor_version.glkmd_micro_version"
| #define PACKAGE_BUGREPORT "http://eldemonionegro.com/glkm/newticket"
| #define PACKAGE_URL ""
| #define PACKAGE "glkmd"
| #define VERSION "glkmd_major_version.glkmd_minor_version.glkmd_micro_version"
| #define GETTEXT_PACKAGE "glkm_daemon"
| #define STDC_HEADERS 1
| #define HAVE_SYS_TYPES_H 1
| #define HAVE_SYS_STAT_H 1
| #define HAVE_STDLIB_H 1
| #define HAVE_STRING_H 1
| #define HAVE_MEMORY_H 1
| #define HAVE_STRINGS_H 1
| #define HAVE_INTTYPES_H 1
| #define HAVE_STDINT_H 1
| #define HAVE_UNISTD_H 1
| #define HAVE_LOCALE_H 1
| #define HAVE_LC_MESSAGES 1
| #define HAVE_BIND_TEXTDOMAIN_CODESET 1
| #define HAVE_GETTEXT 1
| #define HAVE_DCGETTEXT 1
| #define ENABLE_NLS 1
| #define STDC_HEADERS 1
| #define HAVE_STDBOOL_H 1
| #define HAVE_DLFCN_H 1
| #define LT_OBJDIR ".libs/"
| #define DEBUG /**/
| /* end confdefs.h.  */
| #include <stdio.h>
| #ifdef HAVE_SYS_TYPES_H
| # include <sys/types.h>
| #endif
| #ifdef HAVE_SYS_STAT_H
| # include <sys/stat.h>
| #endif
| #ifdef STDC_HEADERS
| # include <stdlib.h>
| # include <stddef.h>
| #else
| # ifdef HAVE_STDLIB_H
| #  include <stdlib.h>
| # endif
| #endif
| #ifdef HAVE_STRING_H
| # if !defined STDC_HEADERS && defined HAVE_MEMORY_H
| #  include <memory.h>
| # endif
| # include <string.h>
| #endif
| #ifdef HAVE_STRINGS_H
| # include <strings.h>
| #endif
| #ifdef HAVE_INTTYPES_H
| # include <inttypes.h>
| #endif
| #ifdef HAVE_STDINT_H
| # include <stdint.h>
| #endif
| #ifdef HAVE_UNISTD_H
| # include <unistd.h>
| #endif
| int
| main ()
| {
| if (sizeof ((size_t)))
| 	    return 0;
|   ;
|   return 0;
| }
configure:19322: result: yes
configure:19337: checking for inline
configure:19353: g++ -c   conftest.cpp >&5
configure:19353: $? = 0
configure:19361: result: inline
configure:19382: checking for memset
configure:19382: g++ -o conftest    conftest.cpp  >&5
configure:19382: $? = 0
configure:19382: result: yes
configure:19393: checking for strerror
configure:19393: g++ -o conftest    conftest.cpp  >&5
configure:19393: $? = 0
configure:19393: result: yes
configure:19518: checking that generated files are newer than configure
configure:19524: result: done
configure:19563: creating ./config.status

## ---------------- ##
## Cache variables. ##
## ---------------- ##

ac_cv_build=x86_64-unknown-linux-gnu
ac_cv_c_compiler_gnu=yes
ac_cv_c_inline=inline
ac_cv_cxx_compiler_gnu=yes
ac_cv_env_CCC_set=
ac_cv_env_CCC_value=
ac_cv_env_CC_set=
ac_cv_env_CC_value=
ac_cv_env_CFLAGS_set=
ac_cv_env_CFLAGS_value=
ac_cv_env_CPPFLAGS_set=
ac_cv_env_CPPFLAGS_value=
ac_cv_env_CPP_set=
ac_cv_env_CPP_value=
ac_cv_env_CXXCPP_set=
ac_cv_env_CXXCPP_value=
ac_cv_env_CXXFLAGS_set=
ac_cv_env_CXXFLAGS_value=
ac_cv_env_CXX_set=
ac_cv_env_CXX_value=
ac_cv_env_LDFLAGS_set=
ac_cv_env_LDFLAGS_value=
ac_cv_env_LIBNETLINK_CFLAGS_set=
ac_cv_env_LIBNETLINK_CFLAGS_value=
ac_cv_env_LIBNETLINK_LIBS_set=
ac_cv_env_LIBNETLINK_LIBS_value=
ac_cv_env_LIBOMNIORB_CFLAGS_set=
ac_cv_env_LIBOMNIORB_CFLAGS_value=
ac_cv_env_LIBOMNIORB_LIBS_set=
ac_cv_env_LIBOMNIORB_LIBS_value=
ac_cv_env_LIBS_set=
ac_cv_env_LIBS_value=
ac_cv_env_PKG_CONFIG_LIBDIR_set=
ac_cv_env_PKG_CONFIG_LIBDIR_value=
ac_cv_env_PKG_CONFIG_PATH_set=
ac_cv_env_PKG_CONFIG_PATH_value=
ac_cv_env_PKG_CONFIG_set=
ac_cv_env_PKG_CONFIG_value=
ac_cv_env_build_alias_set=
ac_cv_env_build_alias_value=
ac_cv_env_host_alias_set=
ac_cv_env_host_alias_value=
ac_cv_env_target_alias_set=
ac_cv_env_target_alias_value=
ac_cv_func_bind_textdomain_codeset=yes
ac_cv_func_dcgettext=yes
ac_cv_func_memset=yes
ac_cv_func_strerror=yes
ac_cv_header_dlfcn_h=yes
ac_cv_header_inttypes_h=yes
ac_cv_header_libintl_h=yes
ac_cv_header_locale_h=yes
ac_cv_header_memory_h=yes
ac_cv_header_stdbool_h=yes
ac_cv_header_stdc=yes
ac_cv_header_stdint_h=yes
ac_cv_header_stdlib_h=yes
ac_cv_header_string_h=yes
ac_cv_header_strings_h=yes
ac_cv_header_sys_stat_h=yes
ac_cv_header_sys_types_h=yes
ac_cv_header_unistd_h=yes
ac_cv_host=x86_64-unknown-linux-gnu
ac_cv_objext=o
ac_cv_path_EGREP='/bin/grep -E'
ac_cv_path_FGREP='/bin/grep -F'
ac_cv_path_GMSGFMT=/usr/bin/msgfmt
ac_cv_path_GREP=/bin/grep
ac_cv_path_INTLTOOL_EXTRACT=/usr/bin/intltool-extract
ac_cv_path_INTLTOOL_MERGE=/usr/bin/intltool-merge
ac_cv_path_INTLTOOL_PERL=/usr/bin/perl
ac_cv_path_INTLTOOL_UPDATE=/usr/bin/intltool-update
ac_cv_path_MSGFMT=/usr/bin/msgfmt
ac_cv_path_MSGMERGE=/usr/bin/msgmerge
ac_cv_path_PKGCONFIG_CONFIG=/usr/bin/pkg-config
ac_cv_path_SED=/bin/sed
ac_cv_path_XGETTEXT=/usr/bin/xgettext
ac_cv_path_ac_pt_PKG_CONFIG=/usr/bin/pkg-config
ac_cv_path_install='/usr/bin/install -c'
ac_cv_path_mkdir=/bin/mkdir
ac_cv_prog_AWK=gawk
ac_cv_prog_CPP='gcc -E'
ac_cv_prog_CXXCPP='g++ -E'
ac_cv_prog_ac_ct_AR=ar
ac_cv_prog_ac_ct_CC=gcc
ac_cv_prog_ac_ct_CXX=g++
ac_cv_prog_ac_ct_MANIFEST_TOOL=mt
ac_cv_prog_ac_ct_OBJDUMP=objdump
ac_cv_prog_ac_ct_RANLIB=ranlib
ac_cv_prog_ac_ct_STRIP=strip
ac_cv_prog_cc_c89=
ac_cv_prog_cc_c99=-std=gnu99
ac_cv_prog_cc_g=yes
ac_cv_prog_cc_stdc=-std=gnu99
ac_cv_prog_cxx_g=yes
ac_cv_prog_make_make_set=yes
ac_cv_search_strerror='none required'
ac_cv_type__Bool=no
ac_cv_type_size_t=yes
am_cv_CC_dependencies_compiler_type=gcc3
am_cv_CXX_dependencies_compiler_type=gcc3
am_cv_make_support_nested_variables=yes
am_cv_prog_cc_c_o=yes
am_cv_val_LC_MESSAGES=yes
gt_cv_func_dgettext_libc=yes
gt_cv_func_dgettext_libintl=no
gt_cv_func_ngettext_libc=yes
gt_cv_have_gettext=yes
lt_cv_ar_at_file=@
lt_cv_archive_cmds_need_lc=no
lt_cv_deplibs_check_method=pass_all
lt_cv_file_magic_cmd='$MAGIC_CMD'
lt_cv_file_magic_test_file=
lt_cv_ld_reload_flag=-r
lt_cv_nm_interface='BSD nm'
lt_cv_objdir=.libs
lt_cv_path_LD=/usr/bin/ld
lt_cv_path_LDCXX='/usr/bin/ld -m elf_x86_64'
lt_cv_path_NM='/usr/bin/nm -B'
lt_cv_path_mainfest_tool=no
lt_cv_prog_compiler_c_o=yes
lt_cv_prog_compiler_c_o_CXX=yes
lt_cv_prog_compiler_pic='-fPIC -DPIC'
lt_cv_prog_compiler_pic_CXX='-fPIC -DPIC'
lt_cv_prog_compiler_pic_works=yes
lt_cv_prog_compiler_pic_works_CXX=yes
lt_cv_prog_compiler_rtti_exceptions=no
lt_cv_prog_compiler_static_works=yes
lt_cv_prog_compiler_static_works_CXX=yes
lt_cv_prog_gnu_ld=yes
lt_cv_prog_gnu_ldcxx=yes
lt_cv_sharedlib_from_linklib_cmd='printf %s\n'
lt_cv_shlibpath_overrides_runpath=no
lt_cv_sys_global_symbol_pipe='sed -n -e '\''s/^.*[	 ]\([ABCDGIRSTW][ABCDGIRSTW]*\)[	 ][	 ]*\([_A-Za-z][_A-Za-z0-9]*\)$/\1 \2 \2/p'\'' | sed '\''/ __gnu_lto/d'\'''
lt_cv_sys_global_symbol_to_c_name_address='sed -n -e '\''s/^: \([^ ]*\)[ ]*$/  {\"\1\", (void *) 0},/p'\'' -e '\''s/^[ABCDGIRSTW]* \([^ ]*\) \([^ ]*\)$/  {"\2", (void *) \&\2},/p'\'''
lt_cv_sys_global_symbol_to_c_name_address_lib_prefix='sed -n -e '\''s/^: \([^ ]*\)[ ]*$/  {\"\1\", (void *) 0},/p'\'' -e '\''s/^[ABCDGIRSTW]* \([^ ]*\) \(lib[^ ]*\)$/  {"\2", (void *) \&\2},/p'\'' -e '\''s/^[ABCDGIRSTW]* \([^ ]*\) \([^ ]*\)$/  {"lib\2", (void *) \&\2},/p'\'''
lt_cv_sys_global_symbol_to_cdecl='sed -n -e '\''s/^T .* \(.*\)$/extern int \1();/p'\'' -e '\''s/^[ABCDGIRSTW]* .* \(.*\)$/extern char \1;/p'\'''
lt_cv_sys_max_cmd_len=1572864
lt_cv_to_host_file_cmd=func_convert_file_noop
lt_cv_to_tool_file_cmd=func_convert_file_noop
pkg_cv_LIBNETLINK_CFLAGS='-I/usr/include/libnl3 '
pkg_cv_LIBNETLINK_LIBS='-lnl-3 '
pkg_cv_LIBOMNIORB_CFLAGS='-D__x86_64__ -D__linux__ -D__OSVERSION__=2 '
pkg_cv_LIBOMNIORB_LIBS='-lomniConnectionMgmt4 -lomniDynamic4 -lomniORB4 -lomnithread '

## ----------------- ##
## Output variables. ##
## ----------------- ##

ACLOCAL='${SHELL} /home/enrgar/codigo/git/glkm/glkmd/config-aux/missing aclocal-1.14'
ALL_LINGUAS=''
AMDEPBACKSLASH='\'
AMDEP_FALSE='#'
AMDEP_TRUE=''
AMTAR='$${TAR-tar}'
AM_BACKSLASH='\'
AM_CFLAGS=''
AM_CXXFLAGS=' -rdynamic -ggdb -g -O0 -Wall -Wno-uninitialized -fstack-protector-all'
AM_DEFAULT_V='$(AM_DEFAULT_VERBOSITY)'
AM_DEFAULT_VERBOSITY='0'
AM_V='$(V)'
AR='ar'
AUTOCONF='${SHELL} /home/enrgar/codigo/git/glkm/glkmd/config-aux/missing autoconf'
AUTOHEADER='${SHELL} /home/enrgar/codigo/git/glkm/glkmd/config-aux/missing autoheader'
AUTOMAKE='${SHELL} /home/enrgar/codigo/git/glkm/glkmd/config-aux/missing automake-1.14'
AWK='gawk'
CATALOGS=''
CATOBJEXT='.gmo'
CC='gcc -std=gnu99'
CCDEPMODE='depmode=gcc3'
CFLAGS=''
CPP='gcc -E'
CPPFLAGS=''
CXX='g++'
CXXCPP='g++ -E'
CXXDEPMODE='depmode=gcc3'
CXXFLAGS=''
CYGPATH_W='echo'
DATADIRNAME='share'
DEFS='-DHAVE_CONFIG_H'
DEPDIR='.deps'
DLLTOOL='false'
DSYMUTIL=''
DUMPBIN=''
ECHO_C=''
ECHO_N='-n'
ECHO_T=''
EGREP='/bin/grep -E'
EXEEXT=''
FGREP='/bin/grep -F'
GETTEXT_MACRO_VERSION='0.19'
GETTEXT_PACKAGE='glkm_daemon'
GMOFILES=''
GMSGFMT='/usr/bin/msgfmt'
GMSGFMT_015='/usr/bin/msgfmt'
GOOGLETEST_REQUIRED='1.5.0'
GREP='/bin/grep'
INSTALL_DATA='${INSTALL} -m 644'
INSTALL_PROGRAM='${INSTALL}'
INSTALL_SCRIPT='${INSTALL}'
INSTALL_STRIP_PROGRAM='$(install_sh) -c -s'
INSTOBJEXT='.mo'
INTLLIBS=''
INTLTOOL_CAVES_RULE='%.caves:     %.caves.in     $(INTLTOOL_MERGE) $(wildcard $(top_srcdir)/po/*.po) ; $(INTLTOOL_V_MERGE)LC_ALL=C $(INTLTOOL_MERGE) $(INTLTOOL_V_MERGE_OPTIONS) -d -u -c $(top_builddir)/po/.intltool-merge-cache $(top_srcdir)/po $< $@'
INTLTOOL_DESKTOP_RULE='%.desktop:   %.desktop.in   $(INTLTOOL_MERGE) $(wildcard $(top_srcdir)/po/*.po) ; $(INTLTOOL_V_MERGE)LC_ALL=C $(INTLTOOL_MERGE) $(INTLTOOL_V_MERGE_OPTIONS) -d -u -c $(top_builddir)/po/.intltool-merge-cache $(top_srcdir)/po $< $@'
INTLTOOL_DIRECTORY_RULE='%.directory: %.directory.in $(INTLTOOL_MERGE) $(wildcard $(top_srcdir)/po/*.po) ; $(INTLTOOL_V_MERGE)LC_ALL=C $(INTLTOOL_MERGE) $(INTLTOOL_V_MERGE_OPTIONS) -d -u -c $(top_builddir)/po/.intltool-merge-cache $(top_srcdir)/po $< $@'
INTLTOOL_EXTRACT='/usr/bin/intltool-extract'
INTLTOOL_KBD_RULE='%.kbd:       %.kbd.in       $(INTLTOOL_MERGE) $(wildcard $(top_srcdir)/po/*.po) ; $(INTLTOOL_V_MERGE)LC_ALL=C $(INTLTOOL_MERGE) $(INTLTOOL_V_MERGE_OPTIONS) -x -u -m -c $(top_builddir)/po/.intltool-merge-cache $(top_srcdir)/po $< $@'
INTLTOOL_KEYS_RULE='%.keys:      %.keys.in      $(INTLTOOL_MERGE) $(wildcard $(top_srcdir)/po/*.po) ; $(INTLTOOL_V_MERGE)LC_ALL=C $(INTLTOOL_MERGE) $(INTLTOOL_V_MERGE_OPTIONS) -k -u -c $(top_builddir)/po/.intltool-merge-cache $(top_srcdir)/po $< $@'
INTLTOOL_MERGE='/usr/bin/intltool-merge'
INTLTOOL_OAF_RULE='%.oaf:       %.oaf.in       $(INTLTOOL_MERGE) $(wildcard $(top_srcdir)/po/*.po) ; $(INTLTOOL_V_MERGE)LC_ALL=C $(INTLTOOL_MERGE) $(INTLTOOL_V_MERGE_OPTIONS) -o -p $(top_srcdir)/po $< $@'
INTLTOOL_PERL='/usr/bin/perl'
INTLTOOL_POLICY_RULE='%.policy:    %.policy.in    $(INTLTOOL_MERGE) $(wildcard $(top_srcdir)/po/*.po) ; $(INTLTOOL_V_MERGE)LC_ALL=C $(INTLTOOL_MERGE) $(INTLTOOL_V_MERGE_OPTIONS) -x -u -c $(top_builddir)/po/.intltool-merge-cache $(top_srcdir)/po $< $@'
INTLTOOL_PONG_RULE='%.pong:      %.pong.in      $(INTLTOOL_MERGE) $(wildcard $(top_srcdir)/po/*.po) ; $(INTLTOOL_V_MERGE)LC_ALL=C $(INTLTOOL_MERGE) $(INTLTOOL_V_MERGE_OPTIONS) -x -u -c $(top_builddir)/po/.intltool-merge-cache $(top_srcdir)/po $< $@'
INTLTOOL_PROP_RULE='%.prop:      %.prop.in      $(INTLTOOL_MERGE) $(wildcard $(top_srcdir)/po/*.po) ; $(INTLTOOL_V_MERGE)LC_ALL=C $(INTLTOOL_MERGE) $(INTLTOOL_V_MERGE_OPTIONS) -d -u -c $(top_builddir)/po/.intltool-merge-cache $(top_srcdir)/po $< $@'
INTLTOOL_SCHEMAS_RULE='%.schemas:   %.schemas.in   $(INTLTOOL_MERGE) $(wildcard $(top_srcdir)/po/*.po) ; $(INTLTOOL_V_MERGE)LC_ALL=C $(INTLTOOL_MERGE) $(INTLTOOL_V_MERGE_OPTIONS) -s -u -c $(top_builddir)/po/.intltool-merge-cache $(top_srcdir)/po $< $@'
INTLTOOL_SERVER_RULE='%.server:    %.server.in    $(INTLTOOL_MERGE) $(wildcard $(top_srcdir)/po/*.po) ; $(INTLTOOL_V_MERGE)LC_ALL=C $(INTLTOOL_MERGE) $(INTLTOOL_V_MERGE_OPTIONS) -o -u -c $(top_builddir)/po/.intltool-merge-cache $(top_srcdir)/po $< $@'
INTLTOOL_SERVICE_RULE='%.service: %.service.in   $(INTLTOOL_MERGE) $(wildcard $(top_srcdir)/po/*.po) ; $(INTLTOOL_V_MERGE)LC_ALL=C $(INTLTOOL_MERGE) $(INTLTOOL_V_MERGE_OPTIONS) -d -u -c $(top_builddir)/po/.intltool-merge-cache $(top_srcdir)/po $< $@'
INTLTOOL_SHEET_RULE='%.sheet:     %.sheet.in     $(INTLTOOL_MERGE) $(wildcard $(top_srcdir)/po/*.po) ; $(INTLTOOL_V_MERGE)LC_ALL=C $(INTLTOOL_MERGE) $(INTLTOOL_V_MERGE_OPTIONS) -x -u -c $(top_builddir)/po/.intltool-merge-cache $(top_srcdir)/po $< $@'
INTLTOOL_SOUNDLIST_RULE='%.soundlist: %.soundlist.in $(INTLTOOL_MERGE) $(wildcard $(top_srcdir)/po/*.po) ; $(INTLTOOL_V_MERGE)LC_ALL=C $(INTLTOOL_MERGE) $(INTLTOOL_V_MERGE_OPTIONS) -d -u -c $(top_builddir)/po/.intltool-merge-cache $(top_srcdir)/po $< $@'
INTLTOOL_THEME_RULE='%.theme:     %.theme.in     $(INTLTOOL_MERGE) $(wildcard $(top_srcdir)/po/*.po) ; $(INTLTOOL_V_MERGE)LC_ALL=C $(INTLTOOL_MERGE) $(INTLTOOL_V_MERGE_OPTIONS) -d -u -c $(top_builddir)/po/.intltool-merge-cache $(top_srcdir)/po $< $@'
INTLTOOL_UI_RULE='%.ui:        %.ui.in        $(INTLTOOL_MERGE) $(wildcard $(top_srcdir)/po/*.po) ; $(INTLTOOL_V_MERGE)LC_ALL=C $(INTLTOOL_MERGE) $(INTLTOOL_V_MERGE_OPTIONS) -x -u -c $(top_builddir)/po/.intltool-merge-cache $(top_srcdir)/po $< $@'
INTLTOOL_UPDATE='/usr/bin/intltool-update'
INTLTOOL_V_MERGE='$(INTLTOOL__v_MERGE_$(V))'
INTLTOOL_V_MERGE_OPTIONS='$(intltool__v_merge_options_$(V))'
INTLTOOL_XAM_RULE='%.xam:       %.xml.in       $(INTLTOOL_MERGE) $(wildcard $(top_srcdir)/po/*.po) ; $(INTLTOOL_V_MERGE)LC_ALL=C $(INTLTOOL_MERGE) $(INTLTOOL_V_MERGE_OPTIONS) -x -u -c $(top_builddir)/po/.intltool-merge-cache $(top_srcdir)/po $< $@'
INTLTOOL_XML_NOMERGE_RULE='%.xml:       %.xml.in       $(INTLTOOL_MERGE) ; $(INTLTOOL_V_MERGE)LC_ALL=C $(INTLTOOL_MERGE) $(INTLTOOL_V_MERGE_OPTIONS) -x -u --no-translations $< $@'
INTLTOOL_XML_RULE='%.xml:       %.xml.in       $(INTLTOOL_MERGE) $(wildcard $(top_srcdir)/po/*.po) ; $(INTLTOOL_V_MERGE)LC_ALL=C $(INTLTOOL_MERGE) $(INTLTOOL_V_MERGE_OPTIONS) -x -u -c $(top_builddir)/po/.intltool-merge-cache $(top_srcdir)/po $< $@'
INTLTOOL__v_MERGE_0='@echo "  ITMRG " $@;'
INTLTOOL__v_MERGE_='$(INTLTOOL__v_MERGE_$(AM_DEFAULT_VERBOSITY))'
LD='/usr/bin/ld -m elf_x86_64'
LDFLAGS=''
LIBNETLINK_CFLAGS='-I/usr/include/libnl3 '
LIBNETLINK_LIBS='-lnl-3 '
LIBNETLINK_REQUIRED='3.2.3'
LIBOBJS=''
LIBOMNIORB_CFLAGS='-D__x86_64__ -D__linux__ -D__OSVERSION__=2 '
LIBOMNIORB_LIBS='-lomniConnectionMgmt4 -lomniDynamic4 -lomniORB4 -lomnithread '
LIBS=''
LIBTOOL='$(SHELL) $(top_builddir)/libtool'
LIPO=''
LN_S='ln -s'
LTLIBOBJS=''
MAKEINFO='${SHELL} /home/enrgar/codigo/git/glkm/glkmd/config-aux/missing makeinfo'
MANIFEST_TOOL=':'
MKDIR_P='/bin/mkdir -p'
MKINSTALLDIRS='config-aux/mkinstalldirs'
MSGFMT='/usr/bin/msgfmt'
MSGFMT_015='/usr/bin/msgfmt'
MSGFMT_OPTS='-c'
MSGMERGE='/usr/bin/msgmerge'
NM='/usr/bin/nm -B'
NMEDIT=''
OBJDUMP='objdump'
OBJEXT='o'
OMNIORB_REQUIRED='4.1.3'
OTOOL64=''
OTOOL=''
PACKAGE='glkmd'
PACKAGE_BUGREPORT='http://eldemonionegro.com/glkm/newticket'
PACKAGE_NAME='GNOME LINUX Kernel Monitor Daemon'
PACKAGE_STRING='GNOME LINUX Kernel Monitor Daemon glkmd_major_version.glkmd_minor_version.glkmd_micro_version'
PACKAGE_TARNAME='glkmd'
PACKAGE_URL=''
PACKAGE_VERSION='glkmd_major_version.glkmd_minor_version.glkmd_micro_version'
PATH_SEPARATOR=':'
PKGCONFIG_CONFIG='/usr/bin/pkg-config'
PKG_CONFIG='/usr/bin/pkg-config'
PKG_CONFIG_LIBDIR=''
PKG_CONFIG_PATH=''
POFILES=''
POSUB='po'
PO_IN_DATADIR_FALSE=''
PO_IN_DATADIR_TRUE=''
PROGRAMNAME_LOCALEDIR='${datarootdir}/locale'
RANLIB='ranlib'
SED='/bin/sed'
SET_MAKE=''
SHELL='/bin/bash'
STRIP='strip'
USE_NLS='yes'
VERSION='glkmd_major_version.glkmd_minor_version.glkmd_micro_version'
XGETTEXT='/usr/bin/xgettext'
XGETTEXT_015='/usr/bin/xgettext'
XGETTEXT_EXTRA_OPTIONS=''
ac_ct_AR='ar'
ac_ct_CC='gcc'
ac_ct_CXX='g++'
ac_ct_DUMPBIN=''
am__EXEEXT_FALSE=''
am__EXEEXT_TRUE='#'
am__fastdepCC_FALSE='#'
am__fastdepCC_TRUE=''
am__fastdepCXX_FALSE='#'
am__fastdepCXX_TRUE=''
am__include='include'
am__isrc=''
am__leading_dot='.'
am__nodep='_no'
am__quote=''
am__tar='$${TAR-tar} chof - "$$tardir"'
am__untar='$${TAR-tar} xf -'
bindir='${exec_prefix}/bin'
build='x86_64-unknown-linux-gnu'
build_alias=''
build_cpu='x86_64'
build_os='linux-gnu'
build_vendor='unknown'
datadir='${datarootdir}'
datarootdir='${prefix}/share'
docdir='${datarootdir}/doc/${PACKAGE_TARNAME}'
dvidir='${docdir}'
exec_prefix='${prefix}'
host='x86_64-unknown-linux-gnu'
host_alias=''
host_cpu='x86_64'
host_os='linux-gnu'
host_vendor='unknown'
htmldir='${docdir}'
includedir='${prefix}/include'
infodir='${datarootdir}/info'
install_sh='${SHELL} /home/enrgar/codigo/git/glkm/glkmd/config-aux/install-sh'
intltool__v_merge_options_0='-q'
intltool__v_merge_options_='$(intltool__v_merge_options_$(AM_DEFAULT_VERBOSITY))'
libdir='${exec_prefix}/lib'
libexecdir='${exec_prefix}/libexec'
localedir='${datarootdir}/locale'
localstatedir='${prefix}/var'
mandir='${datarootdir}/man'
mkdir_p='$(MKDIR_P)'
oldincludedir='/usr/include'
pdfdir='${docdir}'
prefix='/usr/local'
program_transform_name='s,x,x,'
psdir='${docdir}'
sbindir='${exec_prefix}/sbin'
sharedstatedir='${prefix}/com'
sysconfdir='${prefix}/etc'
target_alias=''

## ----------- ##
## confdefs.h. ##
## ----------- ##

/* confdefs.h */
#define PACKAGE_NAME "GNOME LINUX Kernel Monitor Daemon"
#define PACKAGE_TARNAME "glkmd"
#define PACKAGE_VERSION "glkmd_major_version.glkmd_minor_version.glkmd_micro_version"
#define PACKAGE_STRING "GNOME LINUX Kernel Monitor Daemon glkmd_major_version.glkmd_minor_version.glkmd_micro_version"
#define PACKAGE_BUGREPORT "http://eldemonionegro.com/glkm/newticket"
#define PACKAGE_URL ""
#define PACKAGE "glkmd"
#define VERSION "glkmd_major_version.glkmd_minor_version.glkmd_micro_version"
#define GETTEXT_PACKAGE "glkm_daemon"
#define STDC_HEADERS 1
#define HAVE_SYS_TYPES_H 1
#define HAVE_SYS_STAT_H 1
#define HAVE_STDLIB_H 1
#define HAVE_STRING_H 1
#define HAVE_MEMORY_H 1
#define HAVE_STRINGS_H 1
#define HAVE_INTTYPES_H 1
#define HAVE_STDINT_H 1
#define HAVE_UNISTD_H 1
#define HAVE_LOCALE_H 1
#define HAVE_LC_MESSAGES 1
#define HAVE_BIND_TEXTDOMAIN_CODESET 1
#define HAVE_GETTEXT 1
#define HAVE_DCGETTEXT 1
#define ENABLE_NLS 1
#define STDC_HEADERS 1
#define HAVE_STDBOOL_H 1
#define HAVE_DLFCN_H 1
#define LT_OBJDIR ".libs/"
#define DEBUG /**/
#define HAVE_MEMSET 1
#define HAVE_STRERROR 1

configure: exit 0

## ---------------------- ##
## Running config.status. ##
## ---------------------- ##

This file was extended by GNOME LINUX Kernel Monitor Daemon config.status glkmd_major_version.glkmd_minor_version.glkmd_micro_version, which was
generated by GNU Autoconf 2.69.  Invocation command line was

  CONFIG_FILES    = 
  CONFIG_HEADERS  = 
  CONFIG_LINKS    = 
  CONFIG_COMMANDS = 
  $ ./config.status 

on blackkiwi

config.status:1255: creating Makefile
config.status:1255: creating src/Makefile
config.status:1255: creating po/Makefile.in
config.status:1255: creating test/Makefile
config.status:1255: creating config.h
config.status:1436: config.h is unchanged
config.status:1484: executing depfiles commands
config.status:1484: executing po-directories commands
config.status:1484: executing default-1 commands
config.status:1484: executing libtool commands
config.status:1484: executing po/stamp-it commands

## ---------------------- ##
## Running config.status. ##
## ---------------------- ##

This file was extended by GNOME LINUX Kernel Monitor Daemon config.status glkmd_major_version.glkmd_minor_version.glkmd_micro_version, which was
generated by GNU Autoconf 2.69.  Invocation command line was

  CONFIG_FILES    = 
  CONFIG_HEADERS  = 
  CONFIG_LINKS    = 
  CONFIG_COMMANDS = 
  $ ./config.status config.h

on blackkiwi

config.status:1255: creating config.h
config.status:1436: config.h is unchanged
